INFO - 2024-05-19 00:00:08 --> Session: Class initialized using 'CodeIgniter\Session\Handlers\FileHandler' driver.
INFO - 2024-05-19 00:00:41 --> Session: Class initialized using 'CodeIgniter\Session\Handlers\FileHandler' driver.
INFO - 2024-05-19 00:00:42 --> Session: Class initialized using 'CodeIgniter\Session\Handlers\FileHandler' driver.
INFO - 2024-05-19 00:00:46 --> Session: Class initialized using 'CodeIgniter\Session\Handlers\FileHandler' driver.
INFO - 2024-05-19 00:00:54 --> Session: Class initialized using 'CodeIgniter\Session\Handlers\FileHandler' driver.
INFO - 2024-05-19 00:01:17 --> Session: Class initialized using 'CodeIgniter\Session\Handlers\FileHandler' driver.
INFO - 2024-05-19 00:02:00 --> Session: Class initialized using 'CodeIgniter\Session\Handlers\FileHandler' driver.
INFO - 2024-05-19 00:02:05 --> Session: Class initialized using 'CodeIgniter\Session\Handlers\FileHandler' driver.
INFO - 2024-05-19 00:02:36 --> Session: Class initialized using 'CodeIgniter\Session\Handlers\FileHandler' driver.
INFO - 2024-05-19 00:02:45 --> Session: Class initialized using 'CodeIgniter\Session\Handlers\FileHandler' driver.
INFO - 2024-05-19 00:02:58 --> Session: Class initialized using 'CodeIgniter\Session\Handlers\FileHandler' driver.
INFO - 2024-05-19 00:03:22 --> Session: Class initialized using 'CodeIgniter\Session\Handlers\FileHandler' driver.
INFO - 2024-05-19 00:03:25 --> Session: Class initialized using 'CodeIgniter\Session\Handlers\FileHandler' driver.
INFO - 2024-05-19 00:03:58 --> Session: Class initialized using 'CodeIgniter\Session\Handlers\FileHandler' driver.
INFO - 2024-05-19 00:04:00 --> Session: Class initialized using 'CodeIgniter\Session\Handlers\FileHandler' driver.
INFO - 2024-05-19 00:04:15 --> Session: Class initialized using 'CodeIgniter\Session\Handlers\FileHandler' driver.
INFO - 2024-05-19 00:04:15 --> Session: Class initialized using 'CodeIgniter\Session\Handlers\FileHandler' driver.
INFO - 2024-05-19 00:04:16 --> Session: Class initialized using 'CodeIgniter\Session\Handlers\FileHandler' driver.
INFO - 2024-05-19 00:05:51 --> Session: Class initialized using 'CodeIgniter\Session\Handlers\FileHandler' driver.
INFO - 2024-05-19 00:05:52 --> Session: Class initialized using 'CodeIgniter\Session\Handlers\FileHandler' driver.
INFO - 2024-05-19 00:06:46 --> Session: Class initialized using 'CodeIgniter\Session\Handlers\FileHandler' driver.
INFO - 2024-05-19 00:07:21 --> Session: Class initialized using 'CodeIgniter\Session\Handlers\FileHandler' driver.
INFO - 2024-05-19 00:08:02 --> Session: Class initialized using 'CodeIgniter\Session\Handlers\FileHandler' driver.
INFO - 2024-05-19 00:08:03 --> Session: Class initialized using 'CodeIgniter\Session\Handlers\FileHandler' driver.
INFO - 2024-05-19 00:08:09 --> Session: Class initialized using 'CodeIgniter\Session\Handlers\FileHandler' driver.
INFO - 2024-05-19 00:08:45 --> Session: Class initialized using 'CodeIgniter\Session\Handlers\FileHandler' driver.
INFO - 2024-05-19 00:09:01 --> Session: Class initialized using 'CodeIgniter\Session\Handlers\FileHandler' driver.
INFO - 2024-05-19 00:10:39 --> Session: Class initialized using 'CodeIgniter\Session\Handlers\FileHandler' driver.
INFO - 2024-05-19 00:10:40 --> Session: Class initialized using 'CodeIgniter\Session\Handlers\FileHandler' driver.
INFO - 2024-05-19 00:10:58 --> Session: Class initialized using 'CodeIgniter\Session\Handlers\FileHandler' driver.
INFO - 2024-05-19 00:10:59 --> Session: Class initialized using 'CodeIgniter\Session\Handlers\FileHandler' driver.
INFO - 2024-05-19 00:11:02 --> Session: Class initialized using 'CodeIgniter\Session\Handlers\FileHandler' driver.
INFO - 2024-05-19 00:11:06 --> Session: Class initialized using 'CodeIgniter\Session\Handlers\FileHandler' driver.
INFO - 2024-05-19 00:11:11 --> Session: Class initialized using 'CodeIgniter\Session\Handlers\FileHandler' driver.
INFO - 2024-05-19 00:11:39 --> Session: Class initialized using 'CodeIgniter\Session\Handlers\FileHandler' driver.
INFO - 2024-05-19 00:11:41 --> Session: Class initialized using 'CodeIgniter\Session\Handlers\FileHandler' driver.
INFO - 2024-05-19 00:12:13 --> Session: Class initialized using 'CodeIgniter\Session\Handlers\FileHandler' driver.
INFO - 2024-05-19 00:12:34 --> Session: Class initialized using 'CodeIgniter\Session\Handlers\FileHandler' driver.
INFO - 2024-05-19 00:12:35 --> Session: Class initialized using 'CodeIgniter\Session\Handlers\FileHandler' driver.
INFO - 2024-05-19 00:12:37 --> Session: Class initialized using 'CodeIgniter\Session\Handlers\FileHandler' driver.
INFO - 2024-05-19 00:12:37 --> Session: Class initialized using 'CodeIgniter\Session\Handlers\FileHandler' driver.
INFO - 2024-05-19 00:13:19 --> Session: Class initialized using 'CodeIgniter\Session\Handlers\FileHandler' driver.
INFO - 2024-05-19 00:13:28 --> Session: Class initialized using 'CodeIgniter\Session\Handlers\FileHandler' driver.
INFO - 2024-05-19 00:13:43 --> Session: Class initialized using 'CodeIgniter\Session\Handlers\FileHandler' driver.
INFO - 2024-05-19 00:13:44 --> Session: Class initialized using 'CodeIgniter\Session\Handlers\FileHandler' driver.
INFO - 2024-05-19 00:14:01 --> Session: Class initialized using 'CodeIgniter\Session\Handlers\FileHandler' driver.
INFO - 2024-05-19 00:15:31 --> Session: Class initialized using 'CodeIgniter\Session\Handlers\FileHandler' driver.
INFO - 2024-05-19 00:15:46 --> Session: Class initialized using 'CodeIgniter\Session\Handlers\FileHandler' driver.
INFO - 2024-05-19 00:16:01 --> Session: Class initialized using 'CodeIgniter\Session\Handlers\FileHandler' driver.
INFO - 2024-05-19 00:16:05 --> Session: Class initialized using 'CodeIgniter\Session\Handlers\FileHandler' driver.
INFO - 2024-05-19 00:16:12 --> Session: Class initialized using 'CodeIgniter\Session\Handlers\FileHandler' driver.
INFO - 2024-05-19 00:16:34 --> Session: Class initialized using 'CodeIgniter\Session\Handlers\FileHandler' driver.
INFO - 2024-05-19 00:16:41 --> Session: Class initialized using 'CodeIgniter\Session\Handlers\FileHandler' driver.
INFO - 2024-05-19 00:16:58 --> Session: Class initialized using 'CodeIgniter\Session\Handlers\FileHandler' driver.
INFO - 2024-05-19 00:16:59 --> Session: Class initialized using 'CodeIgniter\Session\Handlers\FileHandler' driver.
INFO - 2024-05-19 00:16:59 --> Session: Class initialized using 'CodeIgniter\Session\Handlers\FileHandler' driver.
INFO - 2024-05-19 00:17:07 --> Session: Class initialized using 'CodeIgniter\Session\Handlers\FileHandler' driver.
INFO - 2024-05-19 00:17:17 --> Session: Class initialized using 'CodeIgniter\Session\Handlers\FileHandler' driver.
INFO - 2024-05-19 00:17:54 --> Session: Class initialized using 'CodeIgniter\Session\Handlers\FileHandler' driver.
INFO - 2024-05-19 00:17:58 --> Session: Class initialized using 'CodeIgniter\Session\Handlers\FileHandler' driver.
INFO - 2024-05-19 00:18:05 --> Session: Class initialized using 'CodeIgniter\Session\Handlers\FileHandler' driver.
INFO - 2024-05-19 00:18:09 --> Session: Class initialized using 'CodeIgniter\Session\Handlers\FileHandler' driver.
INFO - 2024-05-19 00:18:09 --> Session: Class initialized using 'CodeIgniter\Session\Handlers\FileHandler' driver.
INFO - 2024-05-19 00:18:50 --> Session: Class initialized using 'CodeIgniter\Session\Handlers\FileHandler' driver.
INFO - 2024-05-19 00:18:55 --> Session: Class initialized using 'CodeIgniter\Session\Handlers\FileHandler' driver.
INFO - 2024-05-19 00:18:58 --> Session: Class initialized using 'CodeIgniter\Session\Handlers\FileHandler' driver.
INFO - 2024-05-19 00:19:04 --> Session: Class initialized using 'CodeIgniter\Session\Handlers\FileHandler' driver.
INFO - 2024-05-19 00:19:11 --> Session: Class initialized using 'CodeIgniter\Session\Handlers\FileHandler' driver.
INFO - 2024-05-19 00:20:21 --> Session: Class initialized using 'CodeIgniter\Session\Handlers\FileHandler' driver.
INFO - 2024-05-19 00:20:22 --> Session: Class initialized using 'CodeIgniter\Session\Handlers\FileHandler' driver.
INFO - 2024-05-19 00:21:34 --> Session: Class initialized using 'CodeIgniter\Session\Handlers\FileHandler' driver.
INFO - 2024-05-19 00:21:47 --> Session: Class initialized using 'CodeIgniter\Session\Handlers\FileHandler' driver.
INFO - 2024-05-19 00:22:05 --> Session: Class initialized using 'CodeIgniter\Session\Handlers\FileHandler' driver.
INFO - 2024-05-19 00:22:08 --> Session: Class initialized using 'CodeIgniter\Session\Handlers\FileHandler' driver.
INFO - 2024-05-19 00:22:32 --> Session: Class initialized using 'CodeIgniter\Session\Handlers\FileHandler' driver.
INFO - 2024-05-19 00:22:33 --> Session: Class initialized using 'CodeIgniter\Session\Handlers\FileHandler' driver.
INFO - 2024-05-19 00:22:53 --> Session: Class initialized using 'CodeIgniter\Session\Handlers\FileHandler' driver.
INFO - 2024-05-19 00:23:18 --> Session: Class initialized using 'CodeIgniter\Session\Handlers\FileHandler' driver.
INFO - 2024-05-19 00:23:20 --> Session: Class initialized using 'CodeIgniter\Session\Handlers\FileHandler' driver.
INFO - 2024-05-19 00:23:37 --> Session: Class initialized using 'CodeIgniter\Session\Handlers\FileHandler' driver.
INFO - 2024-05-19 00:24:14 --> Session: Class initialized using 'CodeIgniter\Session\Handlers\FileHandler' driver.
INFO - 2024-05-19 00:24:27 --> Session: Class initialized using 'CodeIgniter\Session\Handlers\FileHandler' driver.
INFO - 2024-05-19 00:25:12 --> Session: Class initialized using 'CodeIgniter\Session\Handlers\FileHandler' driver.
INFO - 2024-05-19 00:25:13 --> Session: Class initialized using 'CodeIgniter\Session\Handlers\FileHandler' driver.
INFO - 2024-05-19 00:25:25 --> Session: Class initialized using 'CodeIgniter\Session\Handlers\FileHandler' driver.
INFO - 2024-05-19 00:25:28 --> Session: Class initialized using 'CodeIgniter\Session\Handlers\FileHandler' driver.
INFO - 2024-05-19 00:26:24 --> Session: Class initialized using 'CodeIgniter\Session\Handlers\FileHandler' driver.
INFO - 2024-05-19 00:26:25 --> Session: Class initialized using 'CodeIgniter\Session\Handlers\FileHandler' driver.
INFO - 2024-05-19 00:27:17 --> Session: Class initialized using 'CodeIgniter\Session\Handlers\FileHandler' driver.
INFO - 2024-05-19 00:27:21 --> Session: Class initialized using 'CodeIgniter\Session\Handlers\FileHandler' driver.
INFO - 2024-05-19 00:27:24 --> Session: Class initialized using 'CodeIgniter\Session\Handlers\FileHandler' driver.
INFO - 2024-05-19 00:27:32 --> Session: Class initialized using 'CodeIgniter\Session\Handlers\FileHandler' driver.
INFO - 2024-05-19 00:27:35 --> Session: Class initialized using 'CodeIgniter\Session\Handlers\FileHandler' driver.
INFO - 2024-05-19 00:27:45 --> Session: Class initialized using 'CodeIgniter\Session\Handlers\FileHandler' driver.
INFO - 2024-05-19 00:27:50 --> Session: Class initialized using 'CodeIgniter\Session\Handlers\FileHandler' driver.
INFO - 2024-05-19 00:27:51 --> Session: Class initialized using 'CodeIgniter\Session\Handlers\FileHandler' driver.
INFO - 2024-05-19 00:28:08 --> Session: Class initialized using 'CodeIgniter\Session\Handlers\FileHandler' driver.
INFO - 2024-05-19 00:28:09 --> Session: Class initialized using 'CodeIgniter\Session\Handlers\FileHandler' driver.
INFO - 2024-05-19 00:28:20 --> Session: Class initialized using 'CodeIgniter\Session\Handlers\FileHandler' driver.
INFO - 2024-05-19 00:29:30 --> Session: Class initialized using 'CodeIgniter\Session\Handlers\FileHandler' driver.
INFO - 2024-05-19 00:30:24 --> Session: Class initialized using 'CodeIgniter\Session\Handlers\FileHandler' driver.
INFO - 2024-05-19 00:34:23 --> Session: Class initialized using 'CodeIgniter\Session\Handlers\FileHandler' driver.
INFO - 2024-05-19 00:34:32 --> Session: Class initialized using 'CodeIgniter\Session\Handlers\FileHandler' driver.
INFO - 2024-05-19 00:35:14 --> Session: Class initialized using 'CodeIgniter\Session\Handlers\FileHandler' driver.
INFO - 2024-05-19 00:35:14 --> Session: Class initialized using 'CodeIgniter\Session\Handlers\FileHandler' driver.
INFO - 2024-05-19 00:35:15 --> Session: Class initialized using 'CodeIgniter\Session\Handlers\FileHandler' driver.
CRITICAL - 2024-05-19 00:41:35 --> Undefined array key "column_type"
in APPPATH\Controllers\Home.php on line 113.
 1 APPPATH\Controllers\Home.php(113): CodeIgniter\Debug\Exceptions->errorHandler(2, 'Undefined array key "column_type"', 'APPPATH\\Controllers\\Home.php', 113)
 2 SYSTEMPATH\CodeIgniter.php(934): App\Controllers\Home->newVehiculo()
 3 SYSTEMPATH\CodeIgniter.php(499): CodeIgniter\CodeIgniter->runController(Object(App\Controllers\Home))
 4 SYSTEMPATH\CodeIgniter.php(368): CodeIgniter\CodeIgniter->handleRequest(null, Object(Config\Cache), false)
 5 FCPATH\index.php(67): CodeIgniter\CodeIgniter->run()
CRITICAL - 2024-05-19 00:41:36 --> Undefined array key "column_type"
in APPPATH\Controllers\Home.php on line 113.
 1 APPPATH\Controllers\Home.php(113): CodeIgniter\Debug\Exceptions->errorHandler(2, 'Undefined array key "column_type"', 'APPPATH\\Controllers\\Home.php', 113)
 2 SYSTEMPATH\CodeIgniter.php(934): App\Controllers\Home->newVehiculo()
 3 SYSTEMPATH\CodeIgniter.php(499): CodeIgniter\CodeIgniter->runController(Object(App\Controllers\Home))
 4 SYSTEMPATH\CodeIgniter.php(368): CodeIgniter\CodeIgniter->handleRequest(null, Object(Config\Cache), false)
 5 FCPATH\index.php(67): CodeIgniter\CodeIgniter->run()
INFO - 2024-05-19 00:46:01 --> Session: Class initialized using 'CodeIgniter\Session\Handlers\FileHandler' driver.
CRITICAL - 2024-05-19 00:46:01 --> Undefined variable $marca
in APPPATH\Views\admin\alta-vehiculo.php on line 19.
 1 APPPATH\Views\admin\alta-vehiculo.php(19): CodeIgniter\Debug\Exceptions->errorHandler(2, 'Undefined variable $marca', 'APPPATH\\Views\\admin\\alta-vehiculo.php', 19)
 2 SYSTEMPATH\View\View.php(213): include('APPPATH\\Views\\admin\\alta-vehiculo.php')
 3 SYSTEMPATH\View\View.php(216): CodeIgniter\View\View->CodeIgniter\View\{closure}()
 4 SYSTEMPATH\Common.php(1184): CodeIgniter\View\View->render('admin/alta-vehiculo', [], true)
 5 APPPATH\Controllers\Home.php(118): view('admin/alta-vehiculo')
 6 SYSTEMPATH\CodeIgniter.php(934): App\Controllers\Home->newVehiculo()
 7 SYSTEMPATH\CodeIgniter.php(499): CodeIgniter\CodeIgniter->runController(Object(App\Controllers\Home))
 8 SYSTEMPATH\CodeIgniter.php(368): CodeIgniter\CodeIgniter->handleRequest(null, Object(Config\Cache), false)
 9 FCPATH\index.php(67): CodeIgniter\CodeIgniter->run()
INFO - 2024-05-19 00:46:02 --> Session: Class initialized using 'CodeIgniter\Session\Handlers\FileHandler' driver.
CRITICAL - 2024-05-19 00:46:02 --> Undefined variable $marca
in APPPATH\Views\admin\alta-vehiculo.php on line 19.
 1 APPPATH\Views\admin\alta-vehiculo.php(19): CodeIgniter\Debug\Exceptions->errorHandler(2, 'Undefined variable $marca', 'APPPATH\\Views\\admin\\alta-vehiculo.php', 19)
 2 SYSTEMPATH\View\View.php(213): include('APPPATH\\Views\\admin\\alta-vehiculo.php')
 3 SYSTEMPATH\View\View.php(216): CodeIgniter\View\View->CodeIgniter\View\{closure}()
 4 SYSTEMPATH\Common.php(1184): CodeIgniter\View\View->render('admin/alta-vehiculo', [], true)
 5 APPPATH\Controllers\Home.php(118): view('admin/alta-vehiculo')
 6 SYSTEMPATH\CodeIgniter.php(934): App\Controllers\Home->newVehiculo()
 7 SYSTEMPATH\CodeIgniter.php(499): CodeIgniter\CodeIgniter->runController(Object(App\Controllers\Home))
 8 SYSTEMPATH\CodeIgniter.php(368): CodeIgniter\CodeIgniter->handleRequest(null, Object(Config\Cache), false)
 9 FCPATH\index.php(67): CodeIgniter\CodeIgniter->run()
INFO - 2024-05-19 00:46:02 --> Session: Class initialized using 'CodeIgniter\Session\Handlers\FileHandler' driver.
CRITICAL - 2024-05-19 00:46:02 --> Undefined variable $marca
in APPPATH\Views\admin\alta-vehiculo.php on line 19.
 1 APPPATH\Views\admin\alta-vehiculo.php(19): CodeIgniter\Debug\Exceptions->errorHandler(2, 'Undefined variable $marca', 'APPPATH\\Views\\admin\\alta-vehiculo.php', 19)
 2 SYSTEMPATH\View\View.php(213): include('APPPATH\\Views\\admin\\alta-vehiculo.php')
 3 SYSTEMPATH\View\View.php(216): CodeIgniter\View\View->CodeIgniter\View\{closure}()
 4 SYSTEMPATH\Common.php(1184): CodeIgniter\View\View->render('admin/alta-vehiculo', [], true)
 5 APPPATH\Controllers\Home.php(118): view('admin/alta-vehiculo')
 6 SYSTEMPATH\CodeIgniter.php(934): App\Controllers\Home->newVehiculo()
 7 SYSTEMPATH\CodeIgniter.php(499): CodeIgniter\CodeIgniter->runController(Object(App\Controllers\Home))
 8 SYSTEMPATH\CodeIgniter.php(368): CodeIgniter\CodeIgniter->handleRequest(null, Object(Config\Cache), false)
 9 FCPATH\index.php(67): CodeIgniter\CodeIgniter->run()
INFO - 2024-05-19 00:46:23 --> Session: Class initialized using 'CodeIgniter\Session\Handlers\FileHandler' driver.
CRITICAL - 2024-05-19 00:46:23 --> Undefined variable $marca
in APPPATH\Views\admin\alta-vehiculo.php on line 19.
 1 APPPATH\Views\admin\alta-vehiculo.php(19): CodeIgniter\Debug\Exceptions->errorHandler(2, 'Undefined variable $marca', 'APPPATH\\Views\\admin\\alta-vehiculo.php', 19)
 2 SYSTEMPATH\View\View.php(213): include('APPPATH\\Views\\admin\\alta-vehiculo.php')
 3 SYSTEMPATH\View\View.php(216): CodeIgniter\View\View->CodeIgniter\View\{closure}()
 4 SYSTEMPATH\Common.php(1184): CodeIgniter\View\View->render('admin/alta-vehiculo', [], true)
 5 APPPATH\Controllers\Home.php(118): view('admin/alta-vehiculo')
 6 SYSTEMPATH\CodeIgniter.php(934): App\Controllers\Home->newVehiculo()
 7 SYSTEMPATH\CodeIgniter.php(499): CodeIgniter\CodeIgniter->runController(Object(App\Controllers\Home))
 8 SYSTEMPATH\CodeIgniter.php(368): CodeIgniter\CodeIgniter->handleRequest(null, Object(Config\Cache), false)
 9 FCPATH\index.php(67): CodeIgniter\CodeIgniter->run()
INFO - 2024-05-19 00:46:24 --> Session: Class initialized using 'CodeIgniter\Session\Handlers\FileHandler' driver.
CRITICAL - 2024-05-19 00:46:24 --> Undefined variable $marca
in APPPATH\Views\admin\alta-vehiculo.php on line 19.
 1 APPPATH\Views\admin\alta-vehiculo.php(19): CodeIgniter\Debug\Exceptions->errorHandler(2, 'Undefined variable $marca', 'APPPATH\\Views\\admin\\alta-vehiculo.php', 19)
 2 SYSTEMPATH\View\View.php(213): include('APPPATH\\Views\\admin\\alta-vehiculo.php')
 3 SYSTEMPATH\View\View.php(216): CodeIgniter\View\View->CodeIgniter\View\{closure}()
 4 SYSTEMPATH\Common.php(1184): CodeIgniter\View\View->render('admin/alta-vehiculo', [], true)
 5 APPPATH\Controllers\Home.php(118): view('admin/alta-vehiculo')
 6 SYSTEMPATH\CodeIgniter.php(934): App\Controllers\Home->newVehiculo()
 7 SYSTEMPATH\CodeIgniter.php(499): CodeIgniter\CodeIgniter->runController(Object(App\Controllers\Home))
 8 SYSTEMPATH\CodeIgniter.php(368): CodeIgniter\CodeIgniter->handleRequest(null, Object(Config\Cache), false)
 9 FCPATH\index.php(67): CodeIgniter\CodeIgniter->run()
INFO - 2024-05-19 00:47:28 --> Session: Class initialized using 'CodeIgniter\Session\Handlers\FileHandler' driver.
CRITICAL - 2024-05-19 00:47:28 --> Undefined variable $marca
in APPPATH\Views\admin\alta-vehiculo.php on line 19.
 1 APPPATH\Views\admin\alta-vehiculo.php(19): CodeIgniter\Debug\Exceptions->errorHandler(2, 'Undefined variable $marca', 'APPPATH\\Views\\admin\\alta-vehiculo.php', 19)
 2 SYSTEMPATH\View\View.php(213): include('APPPATH\\Views\\admin\\alta-vehiculo.php')
 3 SYSTEMPATH\View\View.php(216): CodeIgniter\View\View->CodeIgniter\View\{closure}()
 4 SYSTEMPATH\Common.php(1184): CodeIgniter\View\View->render('admin/alta-vehiculo', [], true)
 5 APPPATH\Controllers\Home.php(118): view('admin/alta-vehiculo')
 6 SYSTEMPATH\CodeIgniter.php(934): App\Controllers\Home->newVehiculo()
 7 SYSTEMPATH\CodeIgniter.php(499): CodeIgniter\CodeIgniter->runController(Object(App\Controllers\Home))
 8 SYSTEMPATH\CodeIgniter.php(368): CodeIgniter\CodeIgniter->handleRequest(null, Object(Config\Cache), false)
 9 FCPATH\index.php(67): CodeIgniter\CodeIgniter->run()
INFO - 2024-05-19 00:47:28 --> Session: Class initialized using 'CodeIgniter\Session\Handlers\FileHandler' driver.
CRITICAL - 2024-05-19 00:47:28 --> Undefined variable $marca
in APPPATH\Views\admin\alta-vehiculo.php on line 19.
 1 APPPATH\Views\admin\alta-vehiculo.php(19): CodeIgniter\Debug\Exceptions->errorHandler(2, 'Undefined variable $marca', 'APPPATH\\Views\\admin\\alta-vehiculo.php', 19)
 2 SYSTEMPATH\View\View.php(213): include('APPPATH\\Views\\admin\\alta-vehiculo.php')
 3 SYSTEMPATH\View\View.php(216): CodeIgniter\View\View->CodeIgniter\View\{closure}()
 4 SYSTEMPATH\Common.php(1184): CodeIgniter\View\View->render('admin/alta-vehiculo', [], true)
 5 APPPATH\Controllers\Home.php(118): view('admin/alta-vehiculo')
 6 SYSTEMPATH\CodeIgniter.php(934): App\Controllers\Home->newVehiculo()
 7 SYSTEMPATH\CodeIgniter.php(499): CodeIgniter\CodeIgniter->runController(Object(App\Controllers\Home))
 8 SYSTEMPATH\CodeIgniter.php(368): CodeIgniter\CodeIgniter->handleRequest(null, Object(Config\Cache), false)
 9 FCPATH\index.php(67): CodeIgniter\CodeIgniter->run()
INFO - 2024-05-19 00:47:29 --> Session: Class initialized using 'CodeIgniter\Session\Handlers\FileHandler' driver.
CRITICAL - 2024-05-19 00:47:29 --> Undefined variable $marca
in APPPATH\Views\admin\alta-vehiculo.php on line 19.
 1 APPPATH\Views\admin\alta-vehiculo.php(19): CodeIgniter\Debug\Exceptions->errorHandler(2, 'Undefined variable $marca', 'APPPATH\\Views\\admin\\alta-vehiculo.php', 19)
 2 SYSTEMPATH\View\View.php(213): include('APPPATH\\Views\\admin\\alta-vehiculo.php')
 3 SYSTEMPATH\View\View.php(216): CodeIgniter\View\View->CodeIgniter\View\{closure}()
 4 SYSTEMPATH\Common.php(1184): CodeIgniter\View\View->render('admin/alta-vehiculo', [], true)
 5 APPPATH\Controllers\Home.php(118): view('admin/alta-vehiculo')
 6 SYSTEMPATH\CodeIgniter.php(934): App\Controllers\Home->newVehiculo()
 7 SYSTEMPATH\CodeIgniter.php(499): CodeIgniter\CodeIgniter->runController(Object(App\Controllers\Home))
 8 SYSTEMPATH\CodeIgniter.php(368): CodeIgniter\CodeIgniter->handleRequest(null, Object(Config\Cache), false)
 9 FCPATH\index.php(67): CodeIgniter\CodeIgniter->run()
INFO - 2024-05-19 00:47:29 --> Session: Class initialized using 'CodeIgniter\Session\Handlers\FileHandler' driver.
CRITICAL - 2024-05-19 00:47:29 --> Undefined variable $marca
in APPPATH\Views\admin\alta-vehiculo.php on line 19.
 1 APPPATH\Views\admin\alta-vehiculo.php(19): CodeIgniter\Debug\Exceptions->errorHandler(2, 'Undefined variable $marca', 'APPPATH\\Views\\admin\\alta-vehiculo.php', 19)
 2 SYSTEMPATH\View\View.php(213): include('APPPATH\\Views\\admin\\alta-vehiculo.php')
 3 SYSTEMPATH\View\View.php(216): CodeIgniter\View\View->CodeIgniter\View\{closure}()
 4 SYSTEMPATH\Common.php(1184): CodeIgniter\View\View->render('admin/alta-vehiculo', [], true)
 5 APPPATH\Controllers\Home.php(118): view('admin/alta-vehiculo')
 6 SYSTEMPATH\CodeIgniter.php(934): App\Controllers\Home->newVehiculo()
 7 SYSTEMPATH\CodeIgniter.php(499): CodeIgniter\CodeIgniter->runController(Object(App\Controllers\Home))
 8 SYSTEMPATH\CodeIgniter.php(368): CodeIgniter\CodeIgniter->handleRequest(null, Object(Config\Cache), false)
 9 FCPATH\index.php(67): CodeIgniter\CodeIgniter->run()
INFO - 2024-05-19 00:47:29 --> Session: Class initialized using 'CodeIgniter\Session\Handlers\FileHandler' driver.
CRITICAL - 2024-05-19 00:47:29 --> Undefined variable $marca
in APPPATH\Views\admin\alta-vehiculo.php on line 19.
 1 APPPATH\Views\admin\alta-vehiculo.php(19): CodeIgniter\Debug\Exceptions->errorHandler(2, 'Undefined variable $marca', 'APPPATH\\Views\\admin\\alta-vehiculo.php', 19)
 2 SYSTEMPATH\View\View.php(213): include('APPPATH\\Views\\admin\\alta-vehiculo.php')
 3 SYSTEMPATH\View\View.php(216): CodeIgniter\View\View->CodeIgniter\View\{closure}()
 4 SYSTEMPATH\Common.php(1184): CodeIgniter\View\View->render('admin/alta-vehiculo', [], true)
 5 APPPATH\Controllers\Home.php(118): view('admin/alta-vehiculo')
 6 SYSTEMPATH\CodeIgniter.php(934): App\Controllers\Home->newVehiculo()
 7 SYSTEMPATH\CodeIgniter.php(499): CodeIgniter\CodeIgniter->runController(Object(App\Controllers\Home))
 8 SYSTEMPATH\CodeIgniter.php(368): CodeIgniter\CodeIgniter->handleRequest(null, Object(Config\Cache), false)
 9 FCPATH\index.php(67): CodeIgniter\CodeIgniter->run()
INFO - 2024-05-19 00:47:30 --> Session: Class initialized using 'CodeIgniter\Session\Handlers\FileHandler' driver.
CRITICAL - 2024-05-19 00:47:30 --> Undefined variable $marca
in APPPATH\Views\admin\alta-vehiculo.php on line 19.
 1 APPPATH\Views\admin\alta-vehiculo.php(19): CodeIgniter\Debug\Exceptions->errorHandler(2, 'Undefined variable $marca', 'APPPATH\\Views\\admin\\alta-vehiculo.php', 19)
 2 SYSTEMPATH\View\View.php(213): include('APPPATH\\Views\\admin\\alta-vehiculo.php')
 3 SYSTEMPATH\View\View.php(216): CodeIgniter\View\View->CodeIgniter\View\{closure}()
 4 SYSTEMPATH\Common.php(1184): CodeIgniter\View\View->render('admin/alta-vehiculo', [], true)
 5 APPPATH\Controllers\Home.php(118): view('admin/alta-vehiculo')
 6 SYSTEMPATH\CodeIgniter.php(934): App\Controllers\Home->newVehiculo()
 7 SYSTEMPATH\CodeIgniter.php(499): CodeIgniter\CodeIgniter->runController(Object(App\Controllers\Home))
 8 SYSTEMPATH\CodeIgniter.php(368): CodeIgniter\CodeIgniter->handleRequest(null, Object(Config\Cache), false)
 9 FCPATH\index.php(67): CodeIgniter\CodeIgniter->run()
INFO - 2024-05-19 00:47:30 --> Session: Class initialized using 'CodeIgniter\Session\Handlers\FileHandler' driver.
CRITICAL - 2024-05-19 00:47:30 --> Undefined variable $marca
in APPPATH\Views\admin\alta-vehiculo.php on line 19.
 1 APPPATH\Views\admin\alta-vehiculo.php(19): CodeIgniter\Debug\Exceptions->errorHandler(2, 'Undefined variable $marca', 'APPPATH\\Views\\admin\\alta-vehiculo.php', 19)
 2 SYSTEMPATH\View\View.php(213): include('APPPATH\\Views\\admin\\alta-vehiculo.php')
 3 SYSTEMPATH\View\View.php(216): CodeIgniter\View\View->CodeIgniter\View\{closure}()
 4 SYSTEMPATH\Common.php(1184): CodeIgniter\View\View->render('admin/alta-vehiculo', [], true)
 5 APPPATH\Controllers\Home.php(118): view('admin/alta-vehiculo')
 6 SYSTEMPATH\CodeIgniter.php(934): App\Controllers\Home->newVehiculo()
 7 SYSTEMPATH\CodeIgniter.php(499): CodeIgniter\CodeIgniter->runController(Object(App\Controllers\Home))
 8 SYSTEMPATH\CodeIgniter.php(368): CodeIgniter\CodeIgniter->handleRequest(null, Object(Config\Cache), false)
 9 FCPATH\index.php(67): CodeIgniter\CodeIgniter->run()
INFO - 2024-05-19 00:47:31 --> Session: Class initialized using 'CodeIgniter\Session\Handlers\FileHandler' driver.
CRITICAL - 2024-05-19 00:47:31 --> Undefined variable $marca
in APPPATH\Views\admin\alta-vehiculo.php on line 19.
 1 APPPATH\Views\admin\alta-vehiculo.php(19): CodeIgniter\Debug\Exceptions->errorHandler(2, 'Undefined variable $marca', 'APPPATH\\Views\\admin\\alta-vehiculo.php', 19)
 2 SYSTEMPATH\View\View.php(213): include('APPPATH\\Views\\admin\\alta-vehiculo.php')
 3 SYSTEMPATH\View\View.php(216): CodeIgniter\View\View->CodeIgniter\View\{closure}()
 4 SYSTEMPATH\Common.php(1184): CodeIgniter\View\View->render('admin/alta-vehiculo', [], true)
 5 APPPATH\Controllers\Home.php(118): view('admin/alta-vehiculo')
 6 SYSTEMPATH\CodeIgniter.php(934): App\Controllers\Home->newVehiculo()
 7 SYSTEMPATH\CodeIgniter.php(499): CodeIgniter\CodeIgniter->runController(Object(App\Controllers\Home))
 8 SYSTEMPATH\CodeIgniter.php(368): CodeIgniter\CodeIgniter->handleRequest(null, Object(Config\Cache), false)
 9 FCPATH\index.php(67): CodeIgniter\CodeIgniter->run()
INFO - 2024-05-19 00:48:11 --> Session: Class initialized using 'CodeIgniter\Session\Handlers\FileHandler' driver.
CRITICAL - 2024-05-19 00:48:11 --> Undefined variable $marca
in APPPATH\Views\admin\alta-vehiculo.php on line 19.
 1 APPPATH\Views\admin\alta-vehiculo.php(19): CodeIgniter\Debug\Exceptions->errorHandler(2, 'Undefined variable $marca', 'APPPATH\\Views\\admin\\alta-vehiculo.php', 19)
 2 SYSTEMPATH\View\View.php(213): include('APPPATH\\Views\\admin\\alta-vehiculo.php')
 3 SYSTEMPATH\View\View.php(216): CodeIgniter\View\View->CodeIgniter\View\{closure}()
 4 SYSTEMPATH\Common.php(1184): CodeIgniter\View\View->render('admin/alta-vehiculo', [], true)
 5 APPPATH\Controllers\Home.php(118): view('admin/alta-vehiculo')
 6 SYSTEMPATH\CodeIgniter.php(934): App\Controllers\Home->newVehiculo()
 7 SYSTEMPATH\CodeIgniter.php(499): CodeIgniter\CodeIgniter->runController(Object(App\Controllers\Home))
 8 SYSTEMPATH\CodeIgniter.php(368): CodeIgniter\CodeIgniter->handleRequest(null, Object(Config\Cache), false)
 9 FCPATH\index.php(67): CodeIgniter\CodeIgniter->run()
INFO - 2024-05-19 00:48:29 --> Session: Class initialized using 'CodeIgniter\Session\Handlers\FileHandler' driver.
CRITICAL - 2024-05-19 00:48:29 --> Undefined variable $marca
in APPPATH\Views\admin\alta-vehiculo.php on line 19.
 1 APPPATH\Views\admin\alta-vehiculo.php(19): CodeIgniter\Debug\Exceptions->errorHandler(2, 'Undefined variable $marca', 'APPPATH\\Views\\admin\\alta-vehiculo.php', 19)
 2 SYSTEMPATH\View\View.php(213): include('APPPATH\\Views\\admin\\alta-vehiculo.php')
 3 SYSTEMPATH\View\View.php(216): CodeIgniter\View\View->CodeIgniter\View\{closure}()
 4 SYSTEMPATH\Common.php(1184): CodeIgniter\View\View->render('admin/alta-vehiculo', [], true)
 5 APPPATH\Controllers\Home.php(118): view('admin/alta-vehiculo')
 6 SYSTEMPATH\CodeIgniter.php(934): App\Controllers\Home->newVehiculo()
 7 SYSTEMPATH\CodeIgniter.php(499): CodeIgniter\CodeIgniter->runController(Object(App\Controllers\Home))
 8 SYSTEMPATH\CodeIgniter.php(368): CodeIgniter\CodeIgniter->handleRequest(null, Object(Config\Cache), false)
 9 FCPATH\index.php(67): CodeIgniter\CodeIgniter->run()
INFO - 2024-05-19 00:48:30 --> Session: Class initialized using 'CodeIgniter\Session\Handlers\FileHandler' driver.
CRITICAL - 2024-05-19 00:48:30 --> Undefined variable $marca
in APPPATH\Views\admin\alta-vehiculo.php on line 19.
 1 APPPATH\Views\admin\alta-vehiculo.php(19): CodeIgniter\Debug\Exceptions->errorHandler(2, 'Undefined variable $marca', 'APPPATH\\Views\\admin\\alta-vehiculo.php', 19)
 2 SYSTEMPATH\View\View.php(213): include('APPPATH\\Views\\admin\\alta-vehiculo.php')
 3 SYSTEMPATH\View\View.php(216): CodeIgniter\View\View->CodeIgniter\View\{closure}()
 4 SYSTEMPATH\Common.php(1184): CodeIgniter\View\View->render('admin/alta-vehiculo', [], true)
 5 APPPATH\Controllers\Home.php(118): view('admin/alta-vehiculo')
 6 SYSTEMPATH\CodeIgniter.php(934): App\Controllers\Home->newVehiculo()
 7 SYSTEMPATH\CodeIgniter.php(499): CodeIgniter\CodeIgniter->runController(Object(App\Controllers\Home))
 8 SYSTEMPATH\CodeIgniter.php(368): CodeIgniter\CodeIgniter->handleRequest(null, Object(Config\Cache), false)
 9 FCPATH\index.php(67): CodeIgniter\CodeIgniter->run()
INFO - 2024-05-19 00:48:30 --> Session: Class initialized using 'CodeIgniter\Session\Handlers\FileHandler' driver.
CRITICAL - 2024-05-19 00:48:30 --> Undefined variable $marca
in APPPATH\Views\admin\alta-vehiculo.php on line 19.
 1 APPPATH\Views\admin\alta-vehiculo.php(19): CodeIgniter\Debug\Exceptions->errorHandler(2, 'Undefined variable $marca', 'APPPATH\\Views\\admin\\alta-vehiculo.php', 19)
 2 SYSTEMPATH\View\View.php(213): include('APPPATH\\Views\\admin\\alta-vehiculo.php')
 3 SYSTEMPATH\View\View.php(216): CodeIgniter\View\View->CodeIgniter\View\{closure}()
 4 SYSTEMPATH\Common.php(1184): CodeIgniter\View\View->render('admin/alta-vehiculo', [], true)
 5 APPPATH\Controllers\Home.php(118): view('admin/alta-vehiculo')
 6 SYSTEMPATH\CodeIgniter.php(934): App\Controllers\Home->newVehiculo()
 7 SYSTEMPATH\CodeIgniter.php(499): CodeIgniter\CodeIgniter->runController(Object(App\Controllers\Home))
 8 SYSTEMPATH\CodeIgniter.php(368): CodeIgniter\CodeIgniter->handleRequest(null, Object(Config\Cache), false)
 9 FCPATH\index.php(67): CodeIgniter\CodeIgniter->run()
INFO - 2024-05-19 00:48:30 --> Session: Class initialized using 'CodeIgniter\Session\Handlers\FileHandler' driver.
CRITICAL - 2024-05-19 00:48:30 --> Undefined variable $marca
in APPPATH\Views\admin\alta-vehiculo.php on line 19.
 1 APPPATH\Views\admin\alta-vehiculo.php(19): CodeIgniter\Debug\Exceptions->errorHandler(2, 'Undefined variable $marca', 'APPPATH\\Views\\admin\\alta-vehiculo.php', 19)
 2 SYSTEMPATH\View\View.php(213): include('APPPATH\\Views\\admin\\alta-vehiculo.php')
 3 SYSTEMPATH\View\View.php(216): CodeIgniter\View\View->CodeIgniter\View\{closure}()
 4 SYSTEMPATH\Common.php(1184): CodeIgniter\View\View->render('admin/alta-vehiculo', [], true)
 5 APPPATH\Controllers\Home.php(118): view('admin/alta-vehiculo')
 6 SYSTEMPATH\CodeIgniter.php(934): App\Controllers\Home->newVehiculo()
 7 SYSTEMPATH\CodeIgniter.php(499): CodeIgniter\CodeIgniter->runController(Object(App\Controllers\Home))
 8 SYSTEMPATH\CodeIgniter.php(368): CodeIgniter\CodeIgniter->handleRequest(null, Object(Config\Cache), false)
 9 FCPATH\index.php(67): CodeIgniter\CodeIgniter->run()
INFO - 2024-05-19 00:48:30 --> Session: Class initialized using 'CodeIgniter\Session\Handlers\FileHandler' driver.
CRITICAL - 2024-05-19 00:48:30 --> Undefined variable $marca
in APPPATH\Views\admin\alta-vehiculo.php on line 19.
 1 APPPATH\Views\admin\alta-vehiculo.php(19): CodeIgniter\Debug\Exceptions->errorHandler(2, 'Undefined variable $marca', 'APPPATH\\Views\\admin\\alta-vehiculo.php', 19)
 2 SYSTEMPATH\View\View.php(213): include('APPPATH\\Views\\admin\\alta-vehiculo.php')
 3 SYSTEMPATH\View\View.php(216): CodeIgniter\View\View->CodeIgniter\View\{closure}()
 4 SYSTEMPATH\Common.php(1184): CodeIgniter\View\View->render('admin/alta-vehiculo', [], true)
 5 APPPATH\Controllers\Home.php(118): view('admin/alta-vehiculo')
 6 SYSTEMPATH\CodeIgniter.php(934): App\Controllers\Home->newVehiculo()
 7 SYSTEMPATH\CodeIgniter.php(499): CodeIgniter\CodeIgniter->runController(Object(App\Controllers\Home))
 8 SYSTEMPATH\CodeIgniter.php(368): CodeIgniter\CodeIgniter->handleRequest(null, Object(Config\Cache), false)
 9 FCPATH\index.php(67): CodeIgniter\CodeIgniter->run()
INFO - 2024-05-19 00:48:30 --> Session: Class initialized using 'CodeIgniter\Session\Handlers\FileHandler' driver.
CRITICAL - 2024-05-19 00:48:30 --> Undefined variable $marca
in APPPATH\Views\admin\alta-vehiculo.php on line 19.
 1 APPPATH\Views\admin\alta-vehiculo.php(19): CodeIgniter\Debug\Exceptions->errorHandler(2, 'Undefined variable $marca', 'APPPATH\\Views\\admin\\alta-vehiculo.php', 19)
 2 SYSTEMPATH\View\View.php(213): include('APPPATH\\Views\\admin\\alta-vehiculo.php')
 3 SYSTEMPATH\View\View.php(216): CodeIgniter\View\View->CodeIgniter\View\{closure}()
 4 SYSTEMPATH\Common.php(1184): CodeIgniter\View\View->render('admin/alta-vehiculo', [], true)
 5 APPPATH\Controllers\Home.php(118): view('admin/alta-vehiculo')
 6 SYSTEMPATH\CodeIgniter.php(934): App\Controllers\Home->newVehiculo()
 7 SYSTEMPATH\CodeIgniter.php(499): CodeIgniter\CodeIgniter->runController(Object(App\Controllers\Home))
 8 SYSTEMPATH\CodeIgniter.php(368): CodeIgniter\CodeIgniter->handleRequest(null, Object(Config\Cache), false)
 9 FCPATH\index.php(67): CodeIgniter\CodeIgniter->run()
INFO - 2024-05-19 00:48:31 --> Session: Class initialized using 'CodeIgniter\Session\Handlers\FileHandler' driver.
CRITICAL - 2024-05-19 00:48:31 --> Undefined variable $marca
in APPPATH\Views\admin\alta-vehiculo.php on line 19.
 1 APPPATH\Views\admin\alta-vehiculo.php(19): CodeIgniter\Debug\Exceptions->errorHandler(2, 'Undefined variable $marca', 'APPPATH\\Views\\admin\\alta-vehiculo.php', 19)
 2 SYSTEMPATH\View\View.php(213): include('APPPATH\\Views\\admin\\alta-vehiculo.php')
 3 SYSTEMPATH\View\View.php(216): CodeIgniter\View\View->CodeIgniter\View\{closure}()
 4 SYSTEMPATH\Common.php(1184): CodeIgniter\View\View->render('admin/alta-vehiculo', [], true)
 5 APPPATH\Controllers\Home.php(118): view('admin/alta-vehiculo')
 6 SYSTEMPATH\CodeIgniter.php(934): App\Controllers\Home->newVehiculo()
 7 SYSTEMPATH\CodeIgniter.php(499): CodeIgniter\CodeIgniter->runController(Object(App\Controllers\Home))
 8 SYSTEMPATH\CodeIgniter.php(368): CodeIgniter\CodeIgniter->handleRequest(null, Object(Config\Cache), false)
 9 FCPATH\index.php(67): CodeIgniter\CodeIgniter->run()
INFO - 2024-05-19 00:48:31 --> Session: Class initialized using 'CodeIgniter\Session\Handlers\FileHandler' driver.
CRITICAL - 2024-05-19 00:48:31 --> Undefined variable $marca
in APPPATH\Views\admin\alta-vehiculo.php on line 19.
 1 APPPATH\Views\admin\alta-vehiculo.php(19): CodeIgniter\Debug\Exceptions->errorHandler(2, 'Undefined variable $marca', 'APPPATH\\Views\\admin\\alta-vehiculo.php', 19)
 2 SYSTEMPATH\View\View.php(213): include('APPPATH\\Views\\admin\\alta-vehiculo.php')
 3 SYSTEMPATH\View\View.php(216): CodeIgniter\View\View->CodeIgniter\View\{closure}()
 4 SYSTEMPATH\Common.php(1184): CodeIgniter\View\View->render('admin/alta-vehiculo', [], true)
 5 APPPATH\Controllers\Home.php(118): view('admin/alta-vehiculo')
 6 SYSTEMPATH\CodeIgniter.php(934): App\Controllers\Home->newVehiculo()
 7 SYSTEMPATH\CodeIgniter.php(499): CodeIgniter\CodeIgniter->runController(Object(App\Controllers\Home))
 8 SYSTEMPATH\CodeIgniter.php(368): CodeIgniter\CodeIgniter->handleRequest(null, Object(Config\Cache), false)
 9 FCPATH\index.php(67): CodeIgniter\CodeIgniter->run()
INFO - 2024-05-19 00:48:32 --> Session: Class initialized using 'CodeIgniter\Session\Handlers\FileHandler' driver.
CRITICAL - 2024-05-19 00:48:32 --> Undefined variable $marca
in APPPATH\Views\admin\alta-vehiculo.php on line 19.
 1 APPPATH\Views\admin\alta-vehiculo.php(19): CodeIgniter\Debug\Exceptions->errorHandler(2, 'Undefined variable $marca', 'APPPATH\\Views\\admin\\alta-vehiculo.php', 19)
 2 SYSTEMPATH\View\View.php(213): include('APPPATH\\Views\\admin\\alta-vehiculo.php')
 3 SYSTEMPATH\View\View.php(216): CodeIgniter\View\View->CodeIgniter\View\{closure}()
 4 SYSTEMPATH\Common.php(1184): CodeIgniter\View\View->render('admin/alta-vehiculo', [], true)
 5 APPPATH\Controllers\Home.php(118): view('admin/alta-vehiculo')
 6 SYSTEMPATH\CodeIgniter.php(934): App\Controllers\Home->newVehiculo()
 7 SYSTEMPATH\CodeIgniter.php(499): CodeIgniter\CodeIgniter->runController(Object(App\Controllers\Home))
 8 SYSTEMPATH\CodeIgniter.php(368): CodeIgniter\CodeIgniter->handleRequest(null, Object(Config\Cache), false)
 9 FCPATH\index.php(67): CodeIgniter\CodeIgniter->run()
INFO - 2024-05-19 00:49:16 --> Session: Class initialized using 'CodeIgniter\Session\Handlers\FileHandler' driver.
INFO - 2024-05-19 00:49:21 --> Session: Class initialized using 'CodeIgniter\Session\Handlers\FileHandler' driver.
CRITICAL - 2024-05-19 00:49:21 --> Undefined variable $marca
in APPPATH\Views\admin\alta-vehiculo.php on line 19.
 1 APPPATH\Views\admin\alta-vehiculo.php(19): CodeIgniter\Debug\Exceptions->errorHandler(2, 'Undefined variable $marca', 'APPPATH\\Views\\admin\\alta-vehiculo.php', 19)
 2 SYSTEMPATH\View\View.php(213): include('APPPATH\\Views\\admin\\alta-vehiculo.php')
 3 SYSTEMPATH\View\View.php(216): CodeIgniter\View\View->CodeIgniter\View\{closure}()
 4 SYSTEMPATH\Common.php(1184): CodeIgniter\View\View->render('admin/alta-vehiculo', [], true)
 5 APPPATH\Controllers\Home.php(118): view('admin/alta-vehiculo', [...])
 6 SYSTEMPATH\CodeIgniter.php(934): App\Controllers\Home->newVehiculo()
 7 SYSTEMPATH\CodeIgniter.php(499): CodeIgniter\CodeIgniter->runController(Object(App\Controllers\Home))
 8 SYSTEMPATH\CodeIgniter.php(368): CodeIgniter\CodeIgniter->handleRequest(null, Object(Config\Cache), false)
 9 FCPATH\index.php(67): CodeIgniter\CodeIgniter->run()
INFO - 2024-05-19 00:49:22 --> Session: Class initialized using 'CodeIgniter\Session\Handlers\FileHandler' driver.
CRITICAL - 2024-05-19 00:49:22 --> Undefined variable $marca
in APPPATH\Views\admin\alta-vehiculo.php on line 19.
 1 APPPATH\Views\admin\alta-vehiculo.php(19): CodeIgniter\Debug\Exceptions->errorHandler(2, 'Undefined variable $marca', 'APPPATH\\Views\\admin\\alta-vehiculo.php', 19)
 2 SYSTEMPATH\View\View.php(213): include('APPPATH\\Views\\admin\\alta-vehiculo.php')
 3 SYSTEMPATH\View\View.php(216): CodeIgniter\View\View->CodeIgniter\View\{closure}()
 4 SYSTEMPATH\Common.php(1184): CodeIgniter\View\View->render('admin/alta-vehiculo', [], true)
 5 APPPATH\Controllers\Home.php(118): view('admin/alta-vehiculo', [...])
 6 SYSTEMPATH\CodeIgniter.php(934): App\Controllers\Home->newVehiculo()
 7 SYSTEMPATH\CodeIgniter.php(499): CodeIgniter\CodeIgniter->runController(Object(App\Controllers\Home))
 8 SYSTEMPATH\CodeIgniter.php(368): CodeIgniter\CodeIgniter->handleRequest(null, Object(Config\Cache), false)
 9 FCPATH\index.php(67): CodeIgniter\CodeIgniter->run()
INFO - 2024-05-19 00:49:22 --> Session: Class initialized using 'CodeIgniter\Session\Handlers\FileHandler' driver.
CRITICAL - 2024-05-19 00:49:22 --> Undefined variable $marca
in APPPATH\Views\admin\alta-vehiculo.php on line 19.
 1 APPPATH\Views\admin\alta-vehiculo.php(19): CodeIgniter\Debug\Exceptions->errorHandler(2, 'Undefined variable $marca', 'APPPATH\\Views\\admin\\alta-vehiculo.php', 19)
 2 SYSTEMPATH\View\View.php(213): include('APPPATH\\Views\\admin\\alta-vehiculo.php')
 3 SYSTEMPATH\View\View.php(216): CodeIgniter\View\View->CodeIgniter\View\{closure}()
 4 SYSTEMPATH\Common.php(1184): CodeIgniter\View\View->render('admin/alta-vehiculo', [], true)
 5 APPPATH\Controllers\Home.php(118): view('admin/alta-vehiculo', [...])
 6 SYSTEMPATH\CodeIgniter.php(934): App\Controllers\Home->newVehiculo()
 7 SYSTEMPATH\CodeIgniter.php(499): CodeIgniter\CodeIgniter->runController(Object(App\Controllers\Home))
 8 SYSTEMPATH\CodeIgniter.php(368): CodeIgniter\CodeIgniter->handleRequest(null, Object(Config\Cache), false)
 9 FCPATH\index.php(67): CodeIgniter\CodeIgniter->run()
INFO - 2024-05-19 00:49:22 --> Session: Class initialized using 'CodeIgniter\Session\Handlers\FileHandler' driver.
CRITICAL - 2024-05-19 00:49:22 --> Undefined variable $marca
in APPPATH\Views\admin\alta-vehiculo.php on line 19.
 1 APPPATH\Views\admin\alta-vehiculo.php(19): CodeIgniter\Debug\Exceptions->errorHandler(2, 'Undefined variable $marca', 'APPPATH\\Views\\admin\\alta-vehiculo.php', 19)
 2 SYSTEMPATH\View\View.php(213): include('APPPATH\\Views\\admin\\alta-vehiculo.php')
 3 SYSTEMPATH\View\View.php(216): CodeIgniter\View\View->CodeIgniter\View\{closure}()
 4 SYSTEMPATH\Common.php(1184): CodeIgniter\View\View->render('admin/alta-vehiculo', [], true)
 5 APPPATH\Controllers\Home.php(118): view('admin/alta-vehiculo', [...])
 6 SYSTEMPATH\CodeIgniter.php(934): App\Controllers\Home->newVehiculo()
 7 SYSTEMPATH\CodeIgniter.php(499): CodeIgniter\CodeIgniter->runController(Object(App\Controllers\Home))
 8 SYSTEMPATH\CodeIgniter.php(368): CodeIgniter\CodeIgniter->handleRequest(null, Object(Config\Cache), false)
 9 FCPATH\index.php(67): CodeIgniter\CodeIgniter->run()
INFO - 2024-05-19 00:49:22 --> Session: Class initialized using 'CodeIgniter\Session\Handlers\FileHandler' driver.
CRITICAL - 2024-05-19 00:49:22 --> Undefined variable $marca
in APPPATH\Views\admin\alta-vehiculo.php on line 19.
 1 APPPATH\Views\admin\alta-vehiculo.php(19): CodeIgniter\Debug\Exceptions->errorHandler(2, 'Undefined variable $marca', 'APPPATH\\Views\\admin\\alta-vehiculo.php', 19)
 2 SYSTEMPATH\View\View.php(213): include('APPPATH\\Views\\admin\\alta-vehiculo.php')
 3 SYSTEMPATH\View\View.php(216): CodeIgniter\View\View->CodeIgniter\View\{closure}()
 4 SYSTEMPATH\Common.php(1184): CodeIgniter\View\View->render('admin/alta-vehiculo', [], true)
 5 APPPATH\Controllers\Home.php(118): view('admin/alta-vehiculo', [...])
 6 SYSTEMPATH\CodeIgniter.php(934): App\Controllers\Home->newVehiculo()
 7 SYSTEMPATH\CodeIgniter.php(499): CodeIgniter\CodeIgniter->runController(Object(App\Controllers\Home))
 8 SYSTEMPATH\CodeIgniter.php(368): CodeIgniter\CodeIgniter->handleRequest(null, Object(Config\Cache), false)
 9 FCPATH\index.php(67): CodeIgniter\CodeIgniter->run()
INFO - 2024-05-19 00:49:23 --> Session: Class initialized using 'CodeIgniter\Session\Handlers\FileHandler' driver.
CRITICAL - 2024-05-19 00:49:23 --> Undefined variable $marca
in APPPATH\Views\admin\alta-vehiculo.php on line 19.
 1 APPPATH\Views\admin\alta-vehiculo.php(19): CodeIgniter\Debug\Exceptions->errorHandler(2, 'Undefined variable $marca', 'APPPATH\\Views\\admin\\alta-vehiculo.php', 19)
 2 SYSTEMPATH\View\View.php(213): include('APPPATH\\Views\\admin\\alta-vehiculo.php')
 3 SYSTEMPATH\View\View.php(216): CodeIgniter\View\View->CodeIgniter\View\{closure}()
 4 SYSTEMPATH\Common.php(1184): CodeIgniter\View\View->render('admin/alta-vehiculo', [], true)
 5 APPPATH\Controllers\Home.php(118): view('admin/alta-vehiculo', [...])
 6 SYSTEMPATH\CodeIgniter.php(934): App\Controllers\Home->newVehiculo()
 7 SYSTEMPATH\CodeIgniter.php(499): CodeIgniter\CodeIgniter->runController(Object(App\Controllers\Home))
 8 SYSTEMPATH\CodeIgniter.php(368): CodeIgniter\CodeIgniter->handleRequest(null, Object(Config\Cache), false)
 9 FCPATH\index.php(67): CodeIgniter\CodeIgniter->run()
INFO - 2024-05-19 00:49:23 --> Session: Class initialized using 'CodeIgniter\Session\Handlers\FileHandler' driver.
CRITICAL - 2024-05-19 00:49:23 --> Undefined variable $marca
in APPPATH\Views\admin\alta-vehiculo.php on line 19.
 1 APPPATH\Views\admin\alta-vehiculo.php(19): CodeIgniter\Debug\Exceptions->errorHandler(2, 'Undefined variable $marca', 'APPPATH\\Views\\admin\\alta-vehiculo.php', 19)
 2 SYSTEMPATH\View\View.php(213): include('APPPATH\\Views\\admin\\alta-vehiculo.php')
 3 SYSTEMPATH\View\View.php(216): CodeIgniter\View\View->CodeIgniter\View\{closure}()
 4 SYSTEMPATH\Common.php(1184): CodeIgniter\View\View->render('admin/alta-vehiculo', [], true)
 5 APPPATH\Controllers\Home.php(118): view('admin/alta-vehiculo', [...])
 6 SYSTEMPATH\CodeIgniter.php(934): App\Controllers\Home->newVehiculo()
 7 SYSTEMPATH\CodeIgniter.php(499): CodeIgniter\CodeIgniter->runController(Object(App\Controllers\Home))
 8 SYSTEMPATH\CodeIgniter.php(368): CodeIgniter\CodeIgniter->handleRequest(null, Object(Config\Cache), false)
 9 FCPATH\index.php(67): CodeIgniter\CodeIgniter->run()
INFO - 2024-05-19 00:49:23 --> Session: Class initialized using 'CodeIgniter\Session\Handlers\FileHandler' driver.
CRITICAL - 2024-05-19 00:49:23 --> Undefined variable $marca
in APPPATH\Views\admin\alta-vehiculo.php on line 19.
 1 APPPATH\Views\admin\alta-vehiculo.php(19): CodeIgniter\Debug\Exceptions->errorHandler(2, 'Undefined variable $marca', 'APPPATH\\Views\\admin\\alta-vehiculo.php', 19)
 2 SYSTEMPATH\View\View.php(213): include('APPPATH\\Views\\admin\\alta-vehiculo.php')
 3 SYSTEMPATH\View\View.php(216): CodeIgniter\View\View->CodeIgniter\View\{closure}()
 4 SYSTEMPATH\Common.php(1184): CodeIgniter\View\View->render('admin/alta-vehiculo', [], true)
 5 APPPATH\Controllers\Home.php(118): view('admin/alta-vehiculo', [...])
 6 SYSTEMPATH\CodeIgniter.php(934): App\Controllers\Home->newVehiculo()
 7 SYSTEMPATH\CodeIgniter.php(499): CodeIgniter\CodeIgniter->runController(Object(App\Controllers\Home))
 8 SYSTEMPATH\CodeIgniter.php(368): CodeIgniter\CodeIgniter->handleRequest(null, Object(Config\Cache), false)
 9 FCPATH\index.php(67): CodeIgniter\CodeIgniter->run()
INFO - 2024-05-19 00:49:23 --> Session: Class initialized using 'CodeIgniter\Session\Handlers\FileHandler' driver.
CRITICAL - 2024-05-19 00:49:23 --> Undefined variable $marca
in APPPATH\Views\admin\alta-vehiculo.php on line 19.
 1 APPPATH\Views\admin\alta-vehiculo.php(19): CodeIgniter\Debug\Exceptions->errorHandler(2, 'Undefined variable $marca', 'APPPATH\\Views\\admin\\alta-vehiculo.php', 19)
 2 SYSTEMPATH\View\View.php(213): include('APPPATH\\Views\\admin\\alta-vehiculo.php')
 3 SYSTEMPATH\View\View.php(216): CodeIgniter\View\View->CodeIgniter\View\{closure}()
 4 SYSTEMPATH\Common.php(1184): CodeIgniter\View\View->render('admin/alta-vehiculo', [], true)
 5 APPPATH\Controllers\Home.php(118): view('admin/alta-vehiculo', [...])
 6 SYSTEMPATH\CodeIgniter.php(934): App\Controllers\Home->newVehiculo()
 7 SYSTEMPATH\CodeIgniter.php(499): CodeIgniter\CodeIgniter->runController(Object(App\Controllers\Home))
 8 SYSTEMPATH\CodeIgniter.php(368): CodeIgniter\CodeIgniter->handleRequest(null, Object(Config\Cache), false)
 9 FCPATH\index.php(67): CodeIgniter\CodeIgniter->run()
INFO - 2024-05-19 00:49:24 --> Session: Class initialized using 'CodeIgniter\Session\Handlers\FileHandler' driver.
CRITICAL - 2024-05-19 00:49:24 --> Undefined variable $marca
in APPPATH\Views\admin\alta-vehiculo.php on line 19.
 1 APPPATH\Views\admin\alta-vehiculo.php(19): CodeIgniter\Debug\Exceptions->errorHandler(2, 'Undefined variable $marca', 'APPPATH\\Views\\admin\\alta-vehiculo.php', 19)
 2 SYSTEMPATH\View\View.php(213): include('APPPATH\\Views\\admin\\alta-vehiculo.php')
 3 SYSTEMPATH\View\View.php(216): CodeIgniter\View\View->CodeIgniter\View\{closure}()
 4 SYSTEMPATH\Common.php(1184): CodeIgniter\View\View->render('admin/alta-vehiculo', [], true)
 5 APPPATH\Controllers\Home.php(118): view('admin/alta-vehiculo', [...])
 6 SYSTEMPATH\CodeIgniter.php(934): App\Controllers\Home->newVehiculo()
 7 SYSTEMPATH\CodeIgniter.php(499): CodeIgniter\CodeIgniter->runController(Object(App\Controllers\Home))
 8 SYSTEMPATH\CodeIgniter.php(368): CodeIgniter\CodeIgniter->handleRequest(null, Object(Config\Cache), false)
 9 FCPATH\index.php(67): CodeIgniter\CodeIgniter->run()
INFO - 2024-05-19 00:49:24 --> Session: Class initialized using 'CodeIgniter\Session\Handlers\FileHandler' driver.
CRITICAL - 2024-05-19 00:49:24 --> Undefined variable $marca
in APPPATH\Views\admin\alta-vehiculo.php on line 19.
 1 APPPATH\Views\admin\alta-vehiculo.php(19): CodeIgniter\Debug\Exceptions->errorHandler(2, 'Undefined variable $marca', 'APPPATH\\Views\\admin\\alta-vehiculo.php', 19)
 2 SYSTEMPATH\View\View.php(213): include('APPPATH\\Views\\admin\\alta-vehiculo.php')
 3 SYSTEMPATH\View\View.php(216): CodeIgniter\View\View->CodeIgniter\View\{closure}()
 4 SYSTEMPATH\Common.php(1184): CodeIgniter\View\View->render('admin/alta-vehiculo', [], true)
 5 APPPATH\Controllers\Home.php(118): view('admin/alta-vehiculo', [...])
 6 SYSTEMPATH\CodeIgniter.php(934): App\Controllers\Home->newVehiculo()
 7 SYSTEMPATH\CodeIgniter.php(499): CodeIgniter\CodeIgniter->runController(Object(App\Controllers\Home))
 8 SYSTEMPATH\CodeIgniter.php(368): CodeIgniter\CodeIgniter->handleRequest(null, Object(Config\Cache), false)
 9 FCPATH\index.php(67): CodeIgniter\CodeIgniter->run()
INFO - 2024-05-19 00:49:24 --> Session: Class initialized using 'CodeIgniter\Session\Handlers\FileHandler' driver.
CRITICAL - 2024-05-19 00:49:24 --> Undefined variable $marca
in APPPATH\Views\admin\alta-vehiculo.php on line 19.
 1 APPPATH\Views\admin\alta-vehiculo.php(19): CodeIgniter\Debug\Exceptions->errorHandler(2, 'Undefined variable $marca', 'APPPATH\\Views\\admin\\alta-vehiculo.php', 19)
 2 SYSTEMPATH\View\View.php(213): include('APPPATH\\Views\\admin\\alta-vehiculo.php')
 3 SYSTEMPATH\View\View.php(216): CodeIgniter\View\View->CodeIgniter\View\{closure}()
 4 SYSTEMPATH\Common.php(1184): CodeIgniter\View\View->render('admin/alta-vehiculo', [], true)
 5 APPPATH\Controllers\Home.php(118): view('admin/alta-vehiculo', [...])
 6 SYSTEMPATH\CodeIgniter.php(934): App\Controllers\Home->newVehiculo()
 7 SYSTEMPATH\CodeIgniter.php(499): CodeIgniter\CodeIgniter->runController(Object(App\Controllers\Home))
 8 SYSTEMPATH\CodeIgniter.php(368): CodeIgniter\CodeIgniter->handleRequest(null, Object(Config\Cache), false)
 9 FCPATH\index.php(67): CodeIgniter\CodeIgniter->run()
INFO - 2024-05-19 00:49:24 --> Session: Class initialized using 'CodeIgniter\Session\Handlers\FileHandler' driver.
CRITICAL - 2024-05-19 00:49:24 --> Undefined variable $marca
in APPPATH\Views\admin\alta-vehiculo.php on line 19.
 1 APPPATH\Views\admin\alta-vehiculo.php(19): CodeIgniter\Debug\Exceptions->errorHandler(2, 'Undefined variable $marca', 'APPPATH\\Views\\admin\\alta-vehiculo.php', 19)
 2 SYSTEMPATH\View\View.php(213): include('APPPATH\\Views\\admin\\alta-vehiculo.php')
 3 SYSTEMPATH\View\View.php(216): CodeIgniter\View\View->CodeIgniter\View\{closure}()
 4 SYSTEMPATH\Common.php(1184): CodeIgniter\View\View->render('admin/alta-vehiculo', [], true)
 5 APPPATH\Controllers\Home.php(118): view('admin/alta-vehiculo', [...])
 6 SYSTEMPATH\CodeIgniter.php(934): App\Controllers\Home->newVehiculo()
 7 SYSTEMPATH\CodeIgniter.php(499): CodeIgniter\CodeIgniter->runController(Object(App\Controllers\Home))
 8 SYSTEMPATH\CodeIgniter.php(368): CodeIgniter\CodeIgniter->handleRequest(null, Object(Config\Cache), false)
 9 FCPATH\index.php(67): CodeIgniter\CodeIgniter->run()
INFO - 2024-05-19 00:49:24 --> Session: Class initialized using 'CodeIgniter\Session\Handlers\FileHandler' driver.
CRITICAL - 2024-05-19 00:49:24 --> Undefined variable $marca
in APPPATH\Views\admin\alta-vehiculo.php on line 19.
 1 APPPATH\Views\admin\alta-vehiculo.php(19): CodeIgniter\Debug\Exceptions->errorHandler(2, 'Undefined variable $marca', 'APPPATH\\Views\\admin\\alta-vehiculo.php', 19)
 2 SYSTEMPATH\View\View.php(213): include('APPPATH\\Views\\admin\\alta-vehiculo.php')
 3 SYSTEMPATH\View\View.php(216): CodeIgniter\View\View->CodeIgniter\View\{closure}()
 4 SYSTEMPATH\Common.php(1184): CodeIgniter\View\View->render('admin/alta-vehiculo', [], true)
 5 APPPATH\Controllers\Home.php(118): view('admin/alta-vehiculo', [...])
 6 SYSTEMPATH\CodeIgniter.php(934): App\Controllers\Home->newVehiculo()
 7 SYSTEMPATH\CodeIgniter.php(499): CodeIgniter\CodeIgniter->runController(Object(App\Controllers\Home))
 8 SYSTEMPATH\CodeIgniter.php(368): CodeIgniter\CodeIgniter->handleRequest(null, Object(Config\Cache), false)
 9 FCPATH\index.php(67): CodeIgniter\CodeIgniter->run()
INFO - 2024-05-19 00:49:25 --> Session: Class initialized using 'CodeIgniter\Session\Handlers\FileHandler' driver.
CRITICAL - 2024-05-19 00:49:25 --> Undefined variable $marca
in APPPATH\Views\admin\alta-vehiculo.php on line 19.
 1 APPPATH\Views\admin\alta-vehiculo.php(19): CodeIgniter\Debug\Exceptions->errorHandler(2, 'Undefined variable $marca', 'APPPATH\\Views\\admin\\alta-vehiculo.php', 19)
 2 SYSTEMPATH\View\View.php(213): include('APPPATH\\Views\\admin\\alta-vehiculo.php')
 3 SYSTEMPATH\View\View.php(216): CodeIgniter\View\View->CodeIgniter\View\{closure}()
 4 SYSTEMPATH\Common.php(1184): CodeIgniter\View\View->render('admin/alta-vehiculo', [], true)
 5 APPPATH\Controllers\Home.php(118): view('admin/alta-vehiculo', [...])
 6 SYSTEMPATH\CodeIgniter.php(934): App\Controllers\Home->newVehiculo()
 7 SYSTEMPATH\CodeIgniter.php(499): CodeIgniter\CodeIgniter->runController(Object(App\Controllers\Home))
 8 SYSTEMPATH\CodeIgniter.php(368): CodeIgniter\CodeIgniter->handleRequest(null, Object(Config\Cache), false)
 9 FCPATH\index.php(67): CodeIgniter\CodeIgniter->run()
INFO - 2024-05-19 00:49:25 --> Session: Class initialized using 'CodeIgniter\Session\Handlers\FileHandler' driver.
CRITICAL - 2024-05-19 00:49:25 --> Undefined variable $marca
in APPPATH\Views\admin\alta-vehiculo.php on line 19.
 1 APPPATH\Views\admin\alta-vehiculo.php(19): CodeIgniter\Debug\Exceptions->errorHandler(2, 'Undefined variable $marca', 'APPPATH\\Views\\admin\\alta-vehiculo.php', 19)
 2 SYSTEMPATH\View\View.php(213): include('APPPATH\\Views\\admin\\alta-vehiculo.php')
 3 SYSTEMPATH\View\View.php(216): CodeIgniter\View\View->CodeIgniter\View\{closure}()
 4 SYSTEMPATH\Common.php(1184): CodeIgniter\View\View->render('admin/alta-vehiculo', [], true)
 5 APPPATH\Controllers\Home.php(118): view('admin/alta-vehiculo', [...])
 6 SYSTEMPATH\CodeIgniter.php(934): App\Controllers\Home->newVehiculo()
 7 SYSTEMPATH\CodeIgniter.php(499): CodeIgniter\CodeIgniter->runController(Object(App\Controllers\Home))
 8 SYSTEMPATH\CodeIgniter.php(368): CodeIgniter\CodeIgniter->handleRequest(null, Object(Config\Cache), false)
 9 FCPATH\index.php(67): CodeIgniter\CodeIgniter->run()
INFO - 2024-05-19 00:49:25 --> Session: Class initialized using 'CodeIgniter\Session\Handlers\FileHandler' driver.
CRITICAL - 2024-05-19 00:49:25 --> Undefined variable $marca
in APPPATH\Views\admin\alta-vehiculo.php on line 19.
 1 APPPATH\Views\admin\alta-vehiculo.php(19): CodeIgniter\Debug\Exceptions->errorHandler(2, 'Undefined variable $marca', 'APPPATH\\Views\\admin\\alta-vehiculo.php', 19)
 2 SYSTEMPATH\View\View.php(213): include('APPPATH\\Views\\admin\\alta-vehiculo.php')
 3 SYSTEMPATH\View\View.php(216): CodeIgniter\View\View->CodeIgniter\View\{closure}()
 4 SYSTEMPATH\Common.php(1184): CodeIgniter\View\View->render('admin/alta-vehiculo', [], true)
 5 APPPATH\Controllers\Home.php(118): view('admin/alta-vehiculo', [...])
 6 SYSTEMPATH\CodeIgniter.php(934): App\Controllers\Home->newVehiculo()
 7 SYSTEMPATH\CodeIgniter.php(499): CodeIgniter\CodeIgniter->runController(Object(App\Controllers\Home))
 8 SYSTEMPATH\CodeIgniter.php(368): CodeIgniter\CodeIgniter->handleRequest(null, Object(Config\Cache), false)
 9 FCPATH\index.php(67): CodeIgniter\CodeIgniter->run()
INFO - 2024-05-19 00:49:25 --> Session: Class initialized using 'CodeIgniter\Session\Handlers\FileHandler' driver.
CRITICAL - 2024-05-19 00:49:25 --> Undefined variable $marca
in APPPATH\Views\admin\alta-vehiculo.php on line 19.
 1 APPPATH\Views\admin\alta-vehiculo.php(19): CodeIgniter\Debug\Exceptions->errorHandler(2, 'Undefined variable $marca', 'APPPATH\\Views\\admin\\alta-vehiculo.php', 19)
 2 SYSTEMPATH\View\View.php(213): include('APPPATH\\Views\\admin\\alta-vehiculo.php')
 3 SYSTEMPATH\View\View.php(216): CodeIgniter\View\View->CodeIgniter\View\{closure}()
 4 SYSTEMPATH\Common.php(1184): CodeIgniter\View\View->render('admin/alta-vehiculo', [], true)
 5 APPPATH\Controllers\Home.php(118): view('admin/alta-vehiculo', [...])
 6 SYSTEMPATH\CodeIgniter.php(934): App\Controllers\Home->newVehiculo()
 7 SYSTEMPATH\CodeIgniter.php(499): CodeIgniter\CodeIgniter->runController(Object(App\Controllers\Home))
 8 SYSTEMPATH\CodeIgniter.php(368): CodeIgniter\CodeIgniter->handleRequest(null, Object(Config\Cache), false)
 9 FCPATH\index.php(67): CodeIgniter\CodeIgniter->run()
INFO - 2024-05-19 00:49:26 --> Session: Class initialized using 'CodeIgniter\Session\Handlers\FileHandler' driver.
CRITICAL - 2024-05-19 00:49:26 --> Undefined variable $marca
in APPPATH\Views\admin\alta-vehiculo.php on line 19.
 1 APPPATH\Views\admin\alta-vehiculo.php(19): CodeIgniter\Debug\Exceptions->errorHandler(2, 'Undefined variable $marca', 'APPPATH\\Views\\admin\\alta-vehiculo.php', 19)
 2 SYSTEMPATH\View\View.php(213): include('APPPATH\\Views\\admin\\alta-vehiculo.php')
 3 SYSTEMPATH\View\View.php(216): CodeIgniter\View\View->CodeIgniter\View\{closure}()
 4 SYSTEMPATH\Common.php(1184): CodeIgniter\View\View->render('admin/alta-vehiculo', [], true)
 5 APPPATH\Controllers\Home.php(118): view('admin/alta-vehiculo', [...])
 6 SYSTEMPATH\CodeIgniter.php(934): App\Controllers\Home->newVehiculo()
 7 SYSTEMPATH\CodeIgniter.php(499): CodeIgniter\CodeIgniter->runController(Object(App\Controllers\Home))
 8 SYSTEMPATH\CodeIgniter.php(368): CodeIgniter\CodeIgniter->handleRequest(null, Object(Config\Cache), false)
 9 FCPATH\index.php(67): CodeIgniter\CodeIgniter->run()
INFO - 2024-05-19 00:49:58 --> Session: Class initialized using 'CodeIgniter\Session\Handlers\FileHandler' driver.
CRITICAL - 2024-05-19 00:49:58 --> Undefined variable $marca
in APPPATH\Views\admin\alta-vehiculo.php on line 19.
 1 APPPATH\Views\admin\alta-vehiculo.php(19): CodeIgniter\Debug\Exceptions->errorHandler(2, 'Undefined variable $marca', 'APPPATH\\Views\\admin\\alta-vehiculo.php', 19)
 2 SYSTEMPATH\View\View.php(213): include('APPPATH\\Views\\admin\\alta-vehiculo.php')
 3 SYSTEMPATH\View\View.php(216): CodeIgniter\View\View->CodeIgniter\View\{closure}()
 4 SYSTEMPATH\Common.php(1184): CodeIgniter\View\View->render('admin/alta-vehiculo', [], true)
 5 APPPATH\Controllers\Home.php(118): view('admin/alta-vehiculo', [...])
 6 SYSTEMPATH\CodeIgniter.php(934): App\Controllers\Home->newVehiculo()
 7 SYSTEMPATH\CodeIgniter.php(499): CodeIgniter\CodeIgniter->runController(Object(App\Controllers\Home))
 8 SYSTEMPATH\CodeIgniter.php(368): CodeIgniter\CodeIgniter->handleRequest(null, Object(Config\Cache), false)
 9 FCPATH\index.php(67): CodeIgniter\CodeIgniter->run()
INFO - 2024-05-19 00:49:58 --> Session: Class initialized using 'CodeIgniter\Session\Handlers\FileHandler' driver.
CRITICAL - 2024-05-19 00:49:58 --> Undefined variable $marca
in APPPATH\Views\admin\alta-vehiculo.php on line 19.
 1 APPPATH\Views\admin\alta-vehiculo.php(19): CodeIgniter\Debug\Exceptions->errorHandler(2, 'Undefined variable $marca', 'APPPATH\\Views\\admin\\alta-vehiculo.php', 19)
 2 SYSTEMPATH\View\View.php(213): include('APPPATH\\Views\\admin\\alta-vehiculo.php')
 3 SYSTEMPATH\View\View.php(216): CodeIgniter\View\View->CodeIgniter\View\{closure}()
 4 SYSTEMPATH\Common.php(1184): CodeIgniter\View\View->render('admin/alta-vehiculo', [], true)
 5 APPPATH\Controllers\Home.php(118): view('admin/alta-vehiculo', [...])
 6 SYSTEMPATH\CodeIgniter.php(934): App\Controllers\Home->newVehiculo()
 7 SYSTEMPATH\CodeIgniter.php(499): CodeIgniter\CodeIgniter->runController(Object(App\Controllers\Home))
 8 SYSTEMPATH\CodeIgniter.php(368): CodeIgniter\CodeIgniter->handleRequest(null, Object(Config\Cache), false)
 9 FCPATH\index.php(67): CodeIgniter\CodeIgniter->run()
INFO - 2024-05-19 00:49:59 --> Session: Class initialized using 'CodeIgniter\Session\Handlers\FileHandler' driver.
CRITICAL - 2024-05-19 00:49:59 --> Undefined variable $marca
in APPPATH\Views\admin\alta-vehiculo.php on line 19.
 1 APPPATH\Views\admin\alta-vehiculo.php(19): CodeIgniter\Debug\Exceptions->errorHandler(2, 'Undefined variable $marca', 'APPPATH\\Views\\admin\\alta-vehiculo.php', 19)
 2 SYSTEMPATH\View\View.php(213): include('APPPATH\\Views\\admin\\alta-vehiculo.php')
 3 SYSTEMPATH\View\View.php(216): CodeIgniter\View\View->CodeIgniter\View\{closure}()
 4 SYSTEMPATH\Common.php(1184): CodeIgniter\View\View->render('admin/alta-vehiculo', [], true)
 5 APPPATH\Controllers\Home.php(118): view('admin/alta-vehiculo', [...])
 6 SYSTEMPATH\CodeIgniter.php(934): App\Controllers\Home->newVehiculo()
 7 SYSTEMPATH\CodeIgniter.php(499): CodeIgniter\CodeIgniter->runController(Object(App\Controllers\Home))
 8 SYSTEMPATH\CodeIgniter.php(368): CodeIgniter\CodeIgniter->handleRequest(null, Object(Config\Cache), false)
 9 FCPATH\index.php(67): CodeIgniter\CodeIgniter->run()
INFO - 2024-05-19 00:49:59 --> Session: Class initialized using 'CodeIgniter\Session\Handlers\FileHandler' driver.
CRITICAL - 2024-05-19 00:49:59 --> Undefined variable $marca
in APPPATH\Views\admin\alta-vehiculo.php on line 19.
 1 APPPATH\Views\admin\alta-vehiculo.php(19): CodeIgniter\Debug\Exceptions->errorHandler(2, 'Undefined variable $marca', 'APPPATH\\Views\\admin\\alta-vehiculo.php', 19)
 2 SYSTEMPATH\View\View.php(213): include('APPPATH\\Views\\admin\\alta-vehiculo.php')
 3 SYSTEMPATH\View\View.php(216): CodeIgniter\View\View->CodeIgniter\View\{closure}()
 4 SYSTEMPATH\Common.php(1184): CodeIgniter\View\View->render('admin/alta-vehiculo', [], true)
 5 APPPATH\Controllers\Home.php(118): view('admin/alta-vehiculo', [...])
 6 SYSTEMPATH\CodeIgniter.php(934): App\Controllers\Home->newVehiculo()
 7 SYSTEMPATH\CodeIgniter.php(499): CodeIgniter\CodeIgniter->runController(Object(App\Controllers\Home))
 8 SYSTEMPATH\CodeIgniter.php(368): CodeIgniter\CodeIgniter->handleRequest(null, Object(Config\Cache), false)
 9 FCPATH\index.php(67): CodeIgniter\CodeIgniter->run()
INFO - 2024-05-19 00:49:59 --> Session: Class initialized using 'CodeIgniter\Session\Handlers\FileHandler' driver.
CRITICAL - 2024-05-19 00:49:59 --> Undefined variable $marca
in APPPATH\Views\admin\alta-vehiculo.php on line 19.
 1 APPPATH\Views\admin\alta-vehiculo.php(19): CodeIgniter\Debug\Exceptions->errorHandler(2, 'Undefined variable $marca', 'APPPATH\\Views\\admin\\alta-vehiculo.php', 19)
 2 SYSTEMPATH\View\View.php(213): include('APPPATH\\Views\\admin\\alta-vehiculo.php')
 3 SYSTEMPATH\View\View.php(216): CodeIgniter\View\View->CodeIgniter\View\{closure}()
 4 SYSTEMPATH\Common.php(1184): CodeIgniter\View\View->render('admin/alta-vehiculo', [], true)
 5 APPPATH\Controllers\Home.php(118): view('admin/alta-vehiculo', [...])
 6 SYSTEMPATH\CodeIgniter.php(934): App\Controllers\Home->newVehiculo()
 7 SYSTEMPATH\CodeIgniter.php(499): CodeIgniter\CodeIgniter->runController(Object(App\Controllers\Home))
 8 SYSTEMPATH\CodeIgniter.php(368): CodeIgniter\CodeIgniter->handleRequest(null, Object(Config\Cache), false)
 9 FCPATH\index.php(67): CodeIgniter\CodeIgniter->run()
INFO - 2024-05-19 00:49:59 --> Session: Class initialized using 'CodeIgniter\Session\Handlers\FileHandler' driver.
CRITICAL - 2024-05-19 00:49:59 --> Undefined variable $marca
in APPPATH\Views\admin\alta-vehiculo.php on line 19.
 1 APPPATH\Views\admin\alta-vehiculo.php(19): CodeIgniter\Debug\Exceptions->errorHandler(2, 'Undefined variable $marca', 'APPPATH\\Views\\admin\\alta-vehiculo.php', 19)
 2 SYSTEMPATH\View\View.php(213): include('APPPATH\\Views\\admin\\alta-vehiculo.php')
 3 SYSTEMPATH\View\View.php(216): CodeIgniter\View\View->CodeIgniter\View\{closure}()
 4 SYSTEMPATH\Common.php(1184): CodeIgniter\View\View->render('admin/alta-vehiculo', [], true)
 5 APPPATH\Controllers\Home.php(118): view('admin/alta-vehiculo', [...])
 6 SYSTEMPATH\CodeIgniter.php(934): App\Controllers\Home->newVehiculo()
 7 SYSTEMPATH\CodeIgniter.php(499): CodeIgniter\CodeIgniter->runController(Object(App\Controllers\Home))
 8 SYSTEMPATH\CodeIgniter.php(368): CodeIgniter\CodeIgniter->handleRequest(null, Object(Config\Cache), false)
 9 FCPATH\index.php(67): CodeIgniter\CodeIgniter->run()
INFO - 2024-05-19 00:50:29 --> Session: Class initialized using 'CodeIgniter\Session\Handlers\FileHandler' driver.
CRITICAL - 2024-05-19 00:51:58 --> Call to a member function foreach() on array
in APPPATH\Controllers\Home.php on line 117.
 1 SYSTEMPATH\CodeIgniter.php(934): App\Controllers\Home->newVehiculo()
 2 SYSTEMPATH\CodeIgniter.php(499): CodeIgniter\CodeIgniter->runController(Object(App\Controllers\Home))
 3 SYSTEMPATH\CodeIgniter.php(368): CodeIgniter\CodeIgniter->handleRequest(null, Object(Config\Cache), false)
 4 FCPATH\index.php(67): CodeIgniter\CodeIgniter->run()
CRITICAL - 2024-05-19 00:51:59 --> Call to a member function foreach() on array
in APPPATH\Controllers\Home.php on line 117.
 1 SYSTEMPATH\CodeIgniter.php(934): App\Controllers\Home->newVehiculo()
 2 SYSTEMPATH\CodeIgniter.php(499): CodeIgniter\CodeIgniter->runController(Object(App\Controllers\Home))
 3 SYSTEMPATH\CodeIgniter.php(368): CodeIgniter\CodeIgniter->handleRequest(null, Object(Config\Cache), false)
 4 FCPATH\index.php(67): CodeIgniter\CodeIgniter->run()
CRITICAL - 2024-05-19 00:52:00 --> Call to a member function foreach() on array
in APPPATH\Controllers\Home.php on line 117.
 1 SYSTEMPATH\CodeIgniter.php(934): App\Controllers\Home->newVehiculo()
 2 SYSTEMPATH\CodeIgniter.php(499): CodeIgniter\CodeIgniter->runController(Object(App\Controllers\Home))
 3 SYSTEMPATH\CodeIgniter.php(368): CodeIgniter\CodeIgniter->handleRequest(null, Object(Config\Cache), false)
 4 FCPATH\index.php(67): CodeIgniter\CodeIgniter->run()
CRITICAL - 2024-05-19 00:52:28 --> Call to a member function foreach() on array
in APPPATH\Controllers\Home.php on line 117.
 1 SYSTEMPATH\CodeIgniter.php(934): App\Controllers\Home->newVehiculo()
 2 SYSTEMPATH\CodeIgniter.php(499): CodeIgniter\CodeIgniter->runController(Object(App\Controllers\Home))
 3 SYSTEMPATH\CodeIgniter.php(368): CodeIgniter\CodeIgniter->handleRequest(null, Object(Config\Cache), false)
 4 FCPATH\index.php(67): CodeIgniter\CodeIgniter->run()
CRITICAL - 2024-05-19 00:52:29 --> Call to a member function foreach() on array
in APPPATH\Controllers\Home.php on line 117.
 1 SYSTEMPATH\CodeIgniter.php(934): App\Controllers\Home->newVehiculo()
 2 SYSTEMPATH\CodeIgniter.php(499): CodeIgniter\CodeIgniter->runController(Object(App\Controllers\Home))
 3 SYSTEMPATH\CodeIgniter.php(368): CodeIgniter\CodeIgniter->handleRequest(null, Object(Config\Cache), false)
 4 FCPATH\index.php(67): CodeIgniter\CodeIgniter->run()
CRITICAL - 2024-05-19 00:52:29 --> Call to a member function foreach() on array
in APPPATH\Controllers\Home.php on line 117.
 1 SYSTEMPATH\CodeIgniter.php(934): App\Controllers\Home->newVehiculo()
 2 SYSTEMPATH\CodeIgniter.php(499): CodeIgniter\CodeIgniter->runController(Object(App\Controllers\Home))
 3 SYSTEMPATH\CodeIgniter.php(368): CodeIgniter\CodeIgniter->handleRequest(null, Object(Config\Cache), false)
 4 FCPATH\index.php(67): CodeIgniter\CodeIgniter->run()
CRITICAL - 2024-05-19 00:52:29 --> Call to a member function foreach() on array
in APPPATH\Controllers\Home.php on line 117.
 1 SYSTEMPATH\CodeIgniter.php(934): App\Controllers\Home->newVehiculo()
 2 SYSTEMPATH\CodeIgniter.php(499): CodeIgniter\CodeIgniter->runController(Object(App\Controllers\Home))
 3 SYSTEMPATH\CodeIgniter.php(368): CodeIgniter\CodeIgniter->handleRequest(null, Object(Config\Cache), false)
 4 FCPATH\index.php(67): CodeIgniter\CodeIgniter->run()
CRITICAL - 2024-05-19 00:52:29 --> Call to a member function foreach() on array
in APPPATH\Controllers\Home.php on line 117.
 1 SYSTEMPATH\CodeIgniter.php(934): App\Controllers\Home->newVehiculo()
 2 SYSTEMPATH\CodeIgniter.php(499): CodeIgniter\CodeIgniter->runController(Object(App\Controllers\Home))
 3 SYSTEMPATH\CodeIgniter.php(368): CodeIgniter\CodeIgniter->handleRequest(null, Object(Config\Cache), false)
 4 FCPATH\index.php(67): CodeIgniter\CodeIgniter->run()
CRITICAL - 2024-05-19 00:52:30 --> Call to a member function foreach() on array
in APPPATH\Controllers\Home.php on line 117.
 1 SYSTEMPATH\CodeIgniter.php(934): App\Controllers\Home->newVehiculo()
 2 SYSTEMPATH\CodeIgniter.php(499): CodeIgniter\CodeIgniter->runController(Object(App\Controllers\Home))
 3 SYSTEMPATH\CodeIgniter.php(368): CodeIgniter\CodeIgniter->handleRequest(null, Object(Config\Cache), false)
 4 FCPATH\index.php(67): CodeIgniter\CodeIgniter->run()
INFO - 2024-05-19 00:53:32 --> Session: Class initialized using 'CodeIgniter\Session\Handlers\FileHandler' driver.
INFO - 2024-05-19 00:53:32 --> Session: Class initialized using 'CodeIgniter\Session\Handlers\FileHandler' driver.
INFO - 2024-05-19 01:04:25 --> Session: Class initialized using 'CodeIgniter\Session\Handlers\FileHandler' driver.
INFO - 2024-05-19 01:07:01 --> Session: Class initialized using 'CodeIgniter\Session\Handlers\FileHandler' driver.
INFO - 2024-05-19 01:07:40 --> Session: Class initialized using 'CodeIgniter\Session\Handlers\FileHandler' driver.
INFO - 2024-05-19 01:07:40 --> Session: Class initialized using 'CodeIgniter\Session\Handlers\FileHandler' driver.
INFO - 2024-05-19 01:07:46 --> Session: Class initialized using 'CodeIgniter\Session\Handlers\FileHandler' driver.
INFO - 2024-05-19 01:07:49 --> Session: Class initialized using 'CodeIgniter\Session\Handlers\FileHandler' driver.
INFO - 2024-05-19 01:07:49 --> Session: Class initialized using 'CodeIgniter\Session\Handlers\FileHandler' driver.
INFO - 2024-05-19 01:08:59 --> Session: Class initialized using 'CodeIgniter\Session\Handlers\FileHandler' driver.
INFO - 2024-05-19 01:09:00 --> Session: Class initialized using 'CodeIgniter\Session\Handlers\FileHandler' driver.
INFO - 2024-05-19 01:09:00 --> Session: Class initialized using 'CodeIgniter\Session\Handlers\FileHandler' driver.
INFO - 2024-05-19 01:09:00 --> Session: Class initialized using 'CodeIgniter\Session\Handlers\FileHandler' driver.
INFO - 2024-05-19 01:09:00 --> Session: Class initialized using 'CodeIgniter\Session\Handlers\FileHandler' driver.
INFO - 2024-05-19 01:09:00 --> Session: Class initialized using 'CodeIgniter\Session\Handlers\FileHandler' driver.
INFO - 2024-05-19 01:09:08 --> Session: Class initialized using 'CodeIgniter\Session\Handlers\FileHandler' driver.
INFO - 2024-05-19 01:09:08 --> Session: Class initialized using 'CodeIgniter\Session\Handlers\FileHandler' driver.
INFO - 2024-05-19 01:09:08 --> Session: Class initialized using 'CodeIgniter\Session\Handlers\FileHandler' driver.
INFO - 2024-05-19 01:09:15 --> Session: Class initialized using 'CodeIgniter\Session\Handlers\FileHandler' driver.
INFO - 2024-05-19 13:20:33 --> Session: Class initialized using 'CodeIgniter\Session\Handlers\FileHandler' driver.
INFO - 2024-05-19 13:21:25 --> Session: Class initialized using 'CodeIgniter\Session\Handlers\FileHandler' driver.
INFO - 2024-05-19 13:22:15 --> Session: Class initialized using 'CodeIgniter\Session\Handlers\FileHandler' driver.
INFO - 2024-05-19 13:22:47 --> Session: Class initialized using 'CodeIgniter\Session\Handlers\FileHandler' driver.
INFO - 2024-05-19 13:22:59 --> Session: Class initialized using 'CodeIgniter\Session\Handlers\FileHandler' driver.
INFO - 2024-05-19 13:23:20 --> Session: Class initialized using 'CodeIgniter\Session\Handlers\FileHandler' driver.
INFO - 2024-05-19 13:25:29 --> Session: Class initialized using 'CodeIgniter\Session\Handlers\FileHandler' driver.
INFO - 2024-05-19 13:33:06 --> Session: Class initialized using 'CodeIgniter\Session\Handlers\FileHandler' driver.
INFO - 2024-05-19 13:33:43 --> Session: Class initialized using 'CodeIgniter\Session\Handlers\FileHandler' driver.
INFO - 2024-05-19 13:33:44 --> Session: Class initialized using 'CodeIgniter\Session\Handlers\FileHandler' driver.
INFO - 2024-05-19 13:34:40 --> Session: Class initialized using 'CodeIgniter\Session\Handlers\FileHandler' driver.
INFO - 2024-05-19 13:35:12 --> Session: Class initialized using 'CodeIgniter\Session\Handlers\FileHandler' driver.
INFO - 2024-05-19 13:35:12 --> Session: Class initialized using 'CodeIgniter\Session\Handlers\FileHandler' driver.
INFO - 2024-05-19 13:35:57 --> Session: Class initialized using 'CodeIgniter\Session\Handlers\FileHandler' driver.
INFO - 2024-05-19 13:36:16 --> Session: Class initialized using 'CodeIgniter\Session\Handlers\FileHandler' driver.
INFO - 2024-05-19 13:36:16 --> Session: Class initialized using 'CodeIgniter\Session\Handlers\FileHandler' driver.
INFO - 2024-05-19 13:36:40 --> Session: Class initialized using 'CodeIgniter\Session\Handlers\FileHandler' driver.
INFO - 2024-05-19 13:37:42 --> Session: Class initialized using 'CodeIgniter\Session\Handlers\FileHandler' driver.
INFO - 2024-05-19 13:37:42 --> Session: Class initialized using 'CodeIgniter\Session\Handlers\FileHandler' driver.
INFO - 2024-05-19 13:37:50 --> Session: Class initialized using 'CodeIgniter\Session\Handlers\FileHandler' driver.
CRITICAL - 2024-05-19 13:44:17 --> Too few arguments to function App\Controllers\Home::editVehiculo(), 0 passed in C:\xampp\htdocs\fastcars\system\CodeIgniter.php on line 934 and exactly 1 expected
in APPPATH\Controllers\Home.php on line 125.
 1 SYSTEMPATH\CodeIgniter.php(934): App\Controllers\Home->editVehiculo()
 2 SYSTEMPATH\CodeIgniter.php(499): CodeIgniter\CodeIgniter->runController(Object(App\Controllers\Home))
 3 SYSTEMPATH\CodeIgniter.php(368): CodeIgniter\CodeIgniter->handleRequest(null, Object(Config\Cache), false)
 4 FCPATH\index.php(67): CodeIgniter\CodeIgniter->run()
CRITICAL - 2024-05-19 13:45:05 --> Too few arguments to function App\Controllers\Home::editVehiculo(), 0 passed in C:\xampp\htdocs\fastcars\system\CodeIgniter.php on line 934 and exactly 1 expected
in APPPATH\Controllers\Home.php on line 125.
 1 SYSTEMPATH\CodeIgniter.php(934): App\Controllers\Home->editVehiculo()
 2 SYSTEMPATH\CodeIgniter.php(499): CodeIgniter\CodeIgniter->runController(Object(App\Controllers\Home))
 3 SYSTEMPATH\CodeIgniter.php(368): CodeIgniter\CodeIgniter->handleRequest(null, Object(Config\Cache), false)
 4 FCPATH\index.php(67): CodeIgniter\CodeIgniter->run()
CRITICAL - 2024-05-19 13:45:06 --> Too few arguments to function App\Controllers\Home::editVehiculo(), 0 passed in C:\xampp\htdocs\fastcars\system\CodeIgniter.php on line 934 and exactly 1 expected
in APPPATH\Controllers\Home.php on line 125.
 1 SYSTEMPATH\CodeIgniter.php(934): App\Controllers\Home->editVehiculo()
 2 SYSTEMPATH\CodeIgniter.php(499): CodeIgniter\CodeIgniter->runController(Object(App\Controllers\Home))
 3 SYSTEMPATH\CodeIgniter.php(368): CodeIgniter\CodeIgniter->handleRequest(null, Object(Config\Cache), false)
 4 FCPATH\index.php(67): CodeIgniter\CodeIgniter->run()
INFO - 2024-05-19 13:45:40 --> Session: Class initialized using 'CodeIgniter\Session\Handlers\FileHandler' driver.
CRITICAL - 2024-05-19 13:45:40 --> Undefined variable $marcas
in APPPATH\Views\admin\edit-vehiculo.php on line 32.
 1 APPPATH\Views\admin\edit-vehiculo.php(32): CodeIgniter\Debug\Exceptions->errorHandler(2, 'Undefined variable $marcas', 'APPPATH\\Views\\admin\\edit-vehiculo.php', 32)
 2 SYSTEMPATH\View\View.php(213): include('APPPATH\\Views\\admin\\edit-vehiculo.php')
 3 SYSTEMPATH\View\View.php(216): CodeIgniter\View\View->CodeIgniter\View\{closure}()
 4 SYSTEMPATH\Common.php(1184): CodeIgniter\View\View->render('admin/edit-vehiculo', [], true)
 5 APPPATH\Controllers\Home.php(129): view('admin/edit-vehiculo')
 6 SYSTEMPATH\CodeIgniter.php(934): App\Controllers\Home->editVehiculo('4')
 7 SYSTEMPATH\CodeIgniter.php(499): CodeIgniter\CodeIgniter->runController(Object(App\Controllers\Home))
 8 SYSTEMPATH\CodeIgniter.php(368): CodeIgniter\CodeIgniter->handleRequest(null, Object(Config\Cache), false)
 9 FCPATH\index.php(67): CodeIgniter\CodeIgniter->run()
INFO - 2024-05-19 13:45:41 --> Session: Class initialized using 'CodeIgniter\Session\Handlers\FileHandler' driver.
CRITICAL - 2024-05-19 13:45:41 --> Undefined variable $marcas
in APPPATH\Views\admin\edit-vehiculo.php on line 32.
 1 APPPATH\Views\admin\edit-vehiculo.php(32): CodeIgniter\Debug\Exceptions->errorHandler(2, 'Undefined variable $marcas', 'APPPATH\\Views\\admin\\edit-vehiculo.php', 32)
 2 SYSTEMPATH\View\View.php(213): include('APPPATH\\Views\\admin\\edit-vehiculo.php')
 3 SYSTEMPATH\View\View.php(216): CodeIgniter\View\View->CodeIgniter\View\{closure}()
 4 SYSTEMPATH\Common.php(1184): CodeIgniter\View\View->render('admin/edit-vehiculo', [], true)
 5 APPPATH\Controllers\Home.php(129): view('admin/edit-vehiculo')
 6 SYSTEMPATH\CodeIgniter.php(934): App\Controllers\Home->editVehiculo('4')
 7 SYSTEMPATH\CodeIgniter.php(499): CodeIgniter\CodeIgniter->runController(Object(App\Controllers\Home))
 8 SYSTEMPATH\CodeIgniter.php(368): CodeIgniter\CodeIgniter->handleRequest(null, Object(Config\Cache), false)
 9 FCPATH\index.php(67): CodeIgniter\CodeIgniter->run()
INFO - 2024-05-19 13:45:42 --> Session: Class initialized using 'CodeIgniter\Session\Handlers\FileHandler' driver.
CRITICAL - 2024-05-19 13:45:42 --> Undefined variable $marcas
in APPPATH\Views\admin\edit-vehiculo.php on line 32.
 1 APPPATH\Views\admin\edit-vehiculo.php(32): CodeIgniter\Debug\Exceptions->errorHandler(2, 'Undefined variable $marcas', 'APPPATH\\Views\\admin\\edit-vehiculo.php', 32)
 2 SYSTEMPATH\View\View.php(213): include('APPPATH\\Views\\admin\\edit-vehiculo.php')
 3 SYSTEMPATH\View\View.php(216): CodeIgniter\View\View->CodeIgniter\View\{closure}()
 4 SYSTEMPATH\Common.php(1184): CodeIgniter\View\View->render('admin/edit-vehiculo', [], true)
 5 APPPATH\Controllers\Home.php(129): view('admin/edit-vehiculo')
 6 SYSTEMPATH\CodeIgniter.php(934): App\Controllers\Home->editVehiculo('4')
 7 SYSTEMPATH\CodeIgniter.php(499): CodeIgniter\CodeIgniter->runController(Object(App\Controllers\Home))
 8 SYSTEMPATH\CodeIgniter.php(368): CodeIgniter\CodeIgniter->handleRequest(null, Object(Config\Cache), false)
 9 FCPATH\index.php(67): CodeIgniter\CodeIgniter->run()
INFO - 2024-05-19 13:46:02 --> Session: Class initialized using 'CodeIgniter\Session\Handlers\FileHandler' driver.
INFO - 2024-05-19 13:46:44 --> Session: Class initialized using 'CodeIgniter\Session\Handlers\FileHandler' driver.
INFO - 2024-05-19 13:46:45 --> Session: Class initialized using 'CodeIgniter\Session\Handlers\FileHandler' driver.
INFO - 2024-05-19 13:46:45 --> Session: Class initialized using 'CodeIgniter\Session\Handlers\FileHandler' driver.
INFO - 2024-05-19 14:06:14 --> Session: Class initialized using 'CodeIgniter\Session\Handlers\FileHandler' driver.
CRITICAL - 2024-05-19 14:06:53 --> Call to a member function toArray() on array
in APPPATH\Controllers\Home.php on line 139.
 1 SYSTEMPATH\CodeIgniter.php(934): App\Controllers\Home->editVehiculo('4')
 2 SYSTEMPATH\CodeIgniter.php(499): CodeIgniter\CodeIgniter->runController(Object(App\Controllers\Home))
 3 SYSTEMPATH\CodeIgniter.php(368): CodeIgniter\CodeIgniter->handleRequest(null, Object(Config\Cache), false)
 4 FCPATH\index.php(67): CodeIgniter\CodeIgniter->run()
INFO - 2024-05-19 14:07:42 --> Session: Class initialized using 'CodeIgniter\Session\Handlers\FileHandler' driver.
INFO - 2024-05-19 14:07:43 --> Session: Class initialized using 'CodeIgniter\Session\Handlers\FileHandler' driver.
INFO - 2024-05-19 14:07:43 --> Session: Class initialized using 'CodeIgniter\Session\Handlers\FileHandler' driver.
INFO - 2024-05-19 14:07:43 --> Session: Class initialized using 'CodeIgniter\Session\Handlers\FileHandler' driver.
INFO - 2024-05-19 14:07:44 --> Session: Class initialized using 'CodeIgniter\Session\Handlers\FileHandler' driver.
INFO - 2024-05-19 14:08:14 --> Session: Class initialized using 'CodeIgniter\Session\Handlers\FileHandler' driver.
INFO - 2024-05-19 14:08:15 --> Session: Class initialized using 'CodeIgniter\Session\Handlers\FileHandler' driver.
INFO - 2024-05-19 14:08:19 --> Session: Class initialized using 'CodeIgniter\Session\Handlers\FileHandler' driver.
INFO - 2024-05-19 14:09:41 --> Session: Class initialized using 'CodeIgniter\Session\Handlers\FileHandler' driver.
INFO - 2024-05-19 14:09:42 --> Session: Class initialized using 'CodeIgniter\Session\Handlers\FileHandler' driver.
INFO - 2024-05-19 14:09:43 --> Session: Class initialized using 'CodeIgniter\Session\Handlers\FileHandler' driver.
INFO - 2024-05-19 14:10:31 --> Session: Class initialized using 'CodeIgniter\Session\Handlers\FileHandler' driver.
INFO - 2024-05-19 14:10:32 --> Session: Class initialized using 'CodeIgniter\Session\Handlers\FileHandler' driver.
INFO - 2024-05-19 14:10:39 --> Session: Class initialized using 'CodeIgniter\Session\Handlers\FileHandler' driver.
INFO - 2024-05-19 14:10:40 --> Session: Class initialized using 'CodeIgniter\Session\Handlers\FileHandler' driver.
INFO - 2024-05-19 14:10:53 --> Session: Class initialized using 'CodeIgniter\Session\Handlers\FileHandler' driver.
INFO - 2024-05-19 14:12:10 --> Session: Class initialized using 'CodeIgniter\Session\Handlers\FileHandler' driver.
INFO - 2024-05-19 14:12:11 --> Session: Class initialized using 'CodeIgniter\Session\Handlers\FileHandler' driver.
INFO - 2024-05-19 14:12:21 --> Session: Class initialized using 'CodeIgniter\Session\Handlers\FileHandler' driver.
INFO - 2024-05-19 14:12:22 --> Session: Class initialized using 'CodeIgniter\Session\Handlers\FileHandler' driver.
INFO - 2024-05-19 14:13:47 --> Session: Class initialized using 'CodeIgniter\Session\Handlers\FileHandler' driver.
INFO - 2024-05-19 14:13:48 --> Session: Class initialized using 'CodeIgniter\Session\Handlers\FileHandler' driver.
INFO - 2024-05-19 14:13:48 --> Session: Class initialized using 'CodeIgniter\Session\Handlers\FileHandler' driver.
INFO - 2024-05-19 14:14:21 --> Session: Class initialized using 'CodeIgniter\Session\Handlers\FileHandler' driver.
INFO - 2024-05-19 14:14:32 --> Session: Class initialized using 'CodeIgniter\Session\Handlers\FileHandler' driver.
INFO - 2024-05-19 14:14:33 --> Session: Class initialized using 'CodeIgniter\Session\Handlers\FileHandler' driver.
INFO - 2024-05-19 14:14:52 --> Session: Class initialized using 'CodeIgniter\Session\Handlers\FileHandler' driver.
INFO - 2024-05-19 14:14:58 --> Session: Class initialized using 'CodeIgniter\Session\Handlers\FileHandler' driver.
INFO - 2024-05-19 14:14:59 --> Session: Class initialized using 'CodeIgniter\Session\Handlers\FileHandler' driver.
INFO - 2024-05-19 14:14:59 --> Session: Class initialized using 'CodeIgniter\Session\Handlers\FileHandler' driver.
INFO - 2024-05-19 14:15:50 --> Session: Class initialized using 'CodeIgniter\Session\Handlers\FileHandler' driver.
INFO - 2024-05-19 14:15:51 --> Session: Class initialized using 'CodeIgniter\Session\Handlers\FileHandler' driver.
INFO - 2024-05-19 14:15:55 --> Session: Class initialized using 'CodeIgniter\Session\Handlers\FileHandler' driver.
INFO - 2024-05-19 14:15:58 --> Session: Class initialized using 'CodeIgniter\Session\Handlers\FileHandler' driver.
INFO - 2024-05-19 14:16:06 --> Session: Class initialized using 'CodeIgniter\Session\Handlers\FileHandler' driver.
INFO - 2024-05-19 14:18:10 --> Session: Class initialized using 'CodeIgniter\Session\Handlers\FileHandler' driver.
INFO - 2024-05-19 14:18:17 --> Session: Class initialized using 'CodeIgniter\Session\Handlers\FileHandler' driver.
INFO - 2024-05-19 14:18:18 --> Session: Class initialized using 'CodeIgniter\Session\Handlers\FileHandler' driver.
INFO - 2024-05-19 14:18:18 --> Session: Class initialized using 'CodeIgniter\Session\Handlers\FileHandler' driver.
INFO - 2024-05-19 14:18:19 --> Session: Class initialized using 'CodeIgniter\Session\Handlers\FileHandler' driver.
INFO - 2024-05-19 14:18:19 --> Session: Class initialized using 'CodeIgniter\Session\Handlers\FileHandler' driver.
INFO - 2024-05-19 14:19:00 --> Session: Class initialized using 'CodeIgniter\Session\Handlers\FileHandler' driver.
INFO - 2024-05-19 14:19:21 --> Session: Class initialized using 'CodeIgniter\Session\Handlers\FileHandler' driver.
INFO - 2024-05-19 14:19:22 --> Session: Class initialized using 'CodeIgniter\Session\Handlers\FileHandler' driver.
INFO - 2024-05-19 14:19:27 --> Session: Class initialized using 'CodeIgniter\Session\Handlers\FileHandler' driver.
INFO - 2024-05-19 14:19:28 --> Session: Class initialized using 'CodeIgniter\Session\Handlers\FileHandler' driver.
INFO - 2024-05-19 14:19:43 --> Session: Class initialized using 'CodeIgniter\Session\Handlers\FileHandler' driver.
CRITICAL - 2024-05-19 14:19:43 --> syntax error, unexpected string content "", expecting "-" or identifier or variable or number
in APPPATH\Views\admin\edit-vehiculo.php on line 61.
 1 SYSTEMPATH\View\View.php(216): CodeIgniter\View\View->CodeIgniter\View\{closure}()
 2 SYSTEMPATH\Common.php(1184): CodeIgniter\View\View->render('admin/edit-vehiculo', [], true)
 3 APPPATH\Controllers\Home.php(142): view('admin/edit-vehiculo')
 4 SYSTEMPATH\CodeIgniter.php(934): App\Controllers\Home->editVehiculo('4')
 5 SYSTEMPATH\CodeIgniter.php(499): CodeIgniter\CodeIgniter->runController(Object(App\Controllers\Home))
 6 SYSTEMPATH\CodeIgniter.php(368): CodeIgniter\CodeIgniter->handleRequest(null, Object(Config\Cache), false)
 7 FCPATH\index.php(67): CodeIgniter\CodeIgniter->run()
INFO - 2024-05-19 14:20:32 --> Session: Class initialized using 'CodeIgniter\Session\Handlers\FileHandler' driver.
INFO - 2024-05-19 14:20:44 --> Session: Class initialized using 'CodeIgniter\Session\Handlers\FileHandler' driver.
INFO - 2024-05-19 14:20:46 --> Session: Class initialized using 'CodeIgniter\Session\Handlers\FileHandler' driver.
INFO - 2024-05-19 14:20:58 --> Session: Class initialized using 'CodeIgniter\Session\Handlers\FileHandler' driver.
INFO - 2024-05-19 14:21:03 --> Session: Class initialized using 'CodeIgniter\Session\Handlers\FileHandler' driver.
INFO - 2024-05-19 14:21:09 --> Session: Class initialized using 'CodeIgniter\Session\Handlers\FileHandler' driver.
INFO - 2024-05-19 14:21:50 --> Session: Class initialized using 'CodeIgniter\Session\Handlers\FileHandler' driver.
INFO - 2024-05-19 14:21:52 --> Session: Class initialized using 'CodeIgniter\Session\Handlers\FileHandler' driver.
INFO - 2024-05-19 14:21:59 --> Session: Class initialized using 'CodeIgniter\Session\Handlers\FileHandler' driver.
INFO - 2024-05-19 14:22:00 --> Session: Class initialized using 'CodeIgniter\Session\Handlers\FileHandler' driver.
INFO - 2024-05-19 14:22:08 --> Session: Class initialized using 'CodeIgniter\Session\Handlers\FileHandler' driver.
INFO - 2024-05-19 14:22:43 --> Session: Class initialized using 'CodeIgniter\Session\Handlers\FileHandler' driver.
INFO - 2024-05-19 14:25:08 --> Session: Class initialized using 'CodeIgniter\Session\Handlers\FileHandler' driver.
INFO - 2024-05-19 14:25:59 --> Session: Class initialized using 'CodeIgniter\Session\Handlers\FileHandler' driver.
INFO - 2024-05-19 14:26:01 --> Session: Class initialized using 'CodeIgniter\Session\Handlers\FileHandler' driver.
INFO - 2024-05-19 14:26:09 --> Session: Class initialized using 'CodeIgniter\Session\Handlers\FileHandler' driver.
INFO - 2024-05-19 14:26:09 --> Session: Class initialized using 'CodeIgniter\Session\Handlers\FileHandler' driver.
INFO - 2024-05-19 14:26:12 --> Session: Class initialized using 'CodeIgniter\Session\Handlers\FileHandler' driver.
INFO - 2024-05-19 14:26:16 --> Session: Class initialized using 'CodeIgniter\Session\Handlers\FileHandler' driver.
INFO - 2024-05-19 14:26:21 --> Session: Class initialized using 'CodeIgniter\Session\Handlers\FileHandler' driver.
INFO - 2024-05-19 14:27:01 --> Session: Class initialized using 'CodeIgniter\Session\Handlers\FileHandler' driver.
INFO - 2024-05-19 14:27:02 --> Session: Class initialized using 'CodeIgniter\Session\Handlers\FileHandler' driver.
INFO - 2024-05-19 14:27:03 --> Session: Class initialized using 'CodeIgniter\Session\Handlers\FileHandler' driver.
INFO - 2024-05-19 14:27:06 --> Session: Class initialized using 'CodeIgniter\Session\Handlers\FileHandler' driver.
INFO - 2024-05-19 14:27:14 --> Session: Class initialized using 'CodeIgniter\Session\Handlers\FileHandler' driver.
INFO - 2024-05-19 14:27:37 --> Session: Class initialized using 'CodeIgniter\Session\Handlers\FileHandler' driver.
INFO - 2024-05-19 14:27:42 --> Session: Class initialized using 'CodeIgniter\Session\Handlers\FileHandler' driver.
INFO - 2024-05-19 14:27:43 --> Session: Class initialized using 'CodeIgniter\Session\Handlers\FileHandler' driver.
INFO - 2024-05-19 14:27:43 --> Session: Class initialized using 'CodeIgniter\Session\Handlers\FileHandler' driver.
INFO - 2024-05-19 14:28:38 --> Session: Class initialized using 'CodeIgniter\Session\Handlers\FileHandler' driver.
INFO - 2024-05-19 14:28:39 --> Session: Class initialized using 'CodeIgniter\Session\Handlers\FileHandler' driver.
INFO - 2024-05-19 14:28:40 --> Session: Class initialized using 'CodeIgniter\Session\Handlers\FileHandler' driver.
INFO - 2024-05-19 14:28:52 --> Session: Class initialized using 'CodeIgniter\Session\Handlers\FileHandler' driver.
INFO - 2024-05-19 14:28:53 --> Session: Class initialized using 'CodeIgniter\Session\Handlers\FileHandler' driver.
INFO - 2024-05-19 14:28:58 --> Session: Class initialized using 'CodeIgniter\Session\Handlers\FileHandler' driver.
INFO - 2024-05-19 14:29:12 --> Session: Class initialized using 'CodeIgniter\Session\Handlers\FileHandler' driver.
INFO - 2024-05-19 14:29:24 --> Session: Class initialized using 'CodeIgniter\Session\Handlers\FileHandler' driver.
INFO - 2024-05-19 14:29:38 --> Session: Class initialized using 'CodeIgniter\Session\Handlers\FileHandler' driver.
INFO - 2024-05-19 14:29:43 --> Session: Class initialized using 'CodeIgniter\Session\Handlers\FileHandler' driver.
INFO - 2024-05-19 14:29:50 --> Session: Class initialized using 'CodeIgniter\Session\Handlers\FileHandler' driver.
INFO - 2024-05-19 14:29:51 --> Session: Class initialized using 'CodeIgniter\Session\Handlers\FileHandler' driver.
INFO - 2024-05-19 14:30:18 --> Session: Class initialized using 'CodeIgniter\Session\Handlers\FileHandler' driver.
INFO - 2024-05-19 14:30:19 --> Session: Class initialized using 'CodeIgniter\Session\Handlers\FileHandler' driver.
INFO - 2024-05-19 14:30:29 --> Session: Class initialized using 'CodeIgniter\Session\Handlers\FileHandler' driver.
INFO - 2024-05-19 14:30:34 --> Session: Class initialized using 'CodeIgniter\Session\Handlers\FileHandler' driver.
INFO - 2024-05-19 14:31:10 --> Session: Class initialized using 'CodeIgniter\Session\Handlers\FileHandler' driver.
INFO - 2024-05-19 14:31:11 --> Session: Class initialized using 'CodeIgniter\Session\Handlers\FileHandler' driver.
INFO - 2024-05-19 14:31:28 --> Session: Class initialized using 'CodeIgniter\Session\Handlers\FileHandler' driver.
INFO - 2024-05-19 14:31:51 --> Session: Class initialized using 'CodeIgniter\Session\Handlers\FileHandler' driver.
INFO - 2024-05-19 14:31:52 --> Session: Class initialized using 'CodeIgniter\Session\Handlers\FileHandler' driver.
INFO - 2024-05-19 14:32:05 --> Session: Class initialized using 'CodeIgniter\Session\Handlers\FileHandler' driver.
INFO - 2024-05-19 14:32:21 --> Session: Class initialized using 'CodeIgniter\Session\Handlers\FileHandler' driver.
INFO - 2024-05-19 14:32:50 --> Session: Class initialized using 'CodeIgniter\Session\Handlers\FileHandler' driver.
INFO - 2024-05-19 14:32:56 --> Session: Class initialized using 'CodeIgniter\Session\Handlers\FileHandler' driver.
INFO - 2024-05-19 14:32:57 --> Session: Class initialized using 'CodeIgniter\Session\Handlers\FileHandler' driver.
INFO - 2024-05-19 14:32:58 --> Session: Class initialized using 'CodeIgniter\Session\Handlers\FileHandler' driver.
INFO - 2024-05-19 14:33:52 --> Session: Class initialized using 'CodeIgniter\Session\Handlers\FileHandler' driver.
INFO - 2024-05-19 14:33:54 --> Session: Class initialized using 'CodeIgniter\Session\Handlers\FileHandler' driver.
INFO - 2024-05-19 14:33:54 --> Session: Class initialized using 'CodeIgniter\Session\Handlers\FileHandler' driver.
INFO - 2024-05-19 14:34:01 --> Session: Class initialized using 'CodeIgniter\Session\Handlers\FileHandler' driver.
INFO - 2024-05-19 14:34:20 --> Session: Class initialized using 'CodeIgniter\Session\Handlers\FileHandler' driver.
INFO - 2024-05-19 14:34:22 --> Session: Class initialized using 'CodeIgniter\Session\Handlers\FileHandler' driver.
INFO - 2024-05-19 14:34:26 --> Session: Class initialized using 'CodeIgniter\Session\Handlers\FileHandler' driver.
INFO - 2024-05-19 14:34:29 --> Session: Class initialized using 'CodeIgniter\Session\Handlers\FileHandler' driver.
INFO - 2024-05-19 14:34:33 --> Session: Class initialized using 'CodeIgniter\Session\Handlers\FileHandler' driver.
